Unity Editor version:    2021.3.4f1 (cb45f9cae8b7)
Branch:                  2021.3/staging
Build type:              Release
Batch mode:              YES
macOS version:           Version 12.3.1 (Build 21E258)
Darwin version:          21.4.0
Architecture:            x86_64
Running under Rosetta:   NO
Available memory:        32768 MB
Using pre-set license
Pro License: YES

COMMAND LINE ARGUMENTS:
/Users/jamiemccarthy/Documents/Unity Stuff/2021.3.4f1/Unity.app/Contents/MacOS/Unity
-adb2
-batchMode
-noUpm
-name
AssetImportWorker4
-projectPath
/Users/jamiemccarthy/Documents/Unity Stuff/CTYI-Summer-Camp-2022/CTYI Summer Camp
-logFile
Logs/AssetImportWorker4.log
-srvPort
52023
Successfully changed project path to: /Users/jamiemccarthy/Documents/Unity Stuff/CTYI-Summer-Camp-2022/CTYI Summer Camp
/Users/jamiemccarthy/Documents/Unity Stuff/CTYI-Summer-Camp-2022/CTYI Summer Camp
[UnityMemory] Configuration Parameters - Can be set up in boot.config
    "memorysetup-bucket-allocator-granularity=16"
    "memorysetup-bucket-allocator-bucket-count=8"
    "memorysetup-bucket-allocator-block-size=33554432"
    "memorysetup-bucket-allocator-block-count=8"
    "memorysetup-main-allocator-block-size=16777216"
    "memorysetup-thread-allocator-block-size=16777216"
    "memorysetup-gfx-main-allocator-block-size=16777216"
    "memorysetup-gfx-thread-allocator-block-size=16777216"
    "memorysetup-cache-allocator-block-size=4194304"
    "memorysetup-typetree-allocator-block-size=2097152"
    "memorysetup-profiler-bucket-allocator-granularity=16"
    "memorysetup-profiler-bucket-allocator-bucket-count=8"
    "memorysetup-profiler-bucket-allocator-block-size=33554432"
    "memorysetup-profiler-bucket-allocator-block-count=8"
    "memorysetup-profiler-allocator-block-size=16777216"
    "memorysetup-profiler-editor-allocator-block-size=1048576"
    "memorysetup-temp-allocator-size-main=16777216"
    "memorysetup-job-temp-allocator-block-size=2097152"
    "memorysetup-job-temp-allocator-block-size-background=1048576"
    "memorysetup-job-temp-allocator-reduction-small-platforms=262144"
    "memorysetup-temp-allocator-size-background-worker=32768"
    "memorysetup-temp-allocator-size-job-worker=262144"
    "memorysetup-temp-allocator-size-preload-manager=33554432"
    "memorysetup-temp-allocator-size-nav-mesh-worker=65536"
    "memorysetup-temp-allocator-size-audio-worker=65536"
    "memorysetup-temp-allocator-size-cloud-worker=32768"
    "memorysetup-temp-allocator-size-gi-baking-worker=262144"
    "memorysetup-temp-allocator-size-gfx=262144"
Refreshing native plugins compatible for Editor in 112.26 ms, found 3 plugins.
Preloading 0 native plugins for Editor in 0.00 ms.
Initialize engine version: 2021.3.4f1 (cb45f9cae8b7)
[Subsystems] Discovering subsystems at path /Users/jamiemccarthy/Documents/Unity Stuff/2021.3.4f1/Unity.app/Contents/Resources/UnitySubsystems
[Subsystems] Discovering subsystems at path /Users/jamiemccarthy/Documents/Unity Stuff/CTYI-Summer-Camp-2022/CTYI Summer Camp/Assets
GfxDevice: creating device client; threaded=0; jobified=0
PT-VW530 preferred device: AMD Radeon Pro 5500M (high power)
Metal devices available: 2
0: AMD Radeon Pro 5500M (high power)
1: Intel(R) UHD Graphics 630 (low power)
Using device AMD Radeon Pro 5500M (high power)
Initializing Metal device caps: AMD Radeon Pro 5500M
Initialize mono
Mono path[0] = '/Users/jamiemccarthy/Documents/Unity Stuff/2021.3.4f1/Unity.app/Contents/Managed'
Mono path[1] = '/Users/jamiemccarthy/Documents/Unity Stuff/2021.3.4f1/Unity.app/Contents/MonoBleedingEdge/lib/mono/unityjit-macos'
Mono config path = '/Users/jamiemccarthy/Documents/Unity Stuff/2021.3.4f1/Unity.app/Contents/MonoBleedingEdge/etc'
Using monoOptions --debugger-agent=transport=dt_socket,embedding=1,server=y,suspend=n,address=127.0.0.1:56278
Begin MonoManager ReloadAssembly
Registering precompiled unity dll's ...
Register platform support module: /Users/jamiemccarthy/Documents/Unity Stuff/2021.3.4f1/PlaybackEngines/WebGLSupport/UnityEditor.WebGL.Extensions.dll
Register platform support module: /Users/jamiemccarthy/Documents/Unity Stuff/2021.3.4f1/Unity.app/Contents/PlaybackEngines/MacStandaloneSupport/UnityEditor.OSXStandalone.Extensions.dll
Register platform support module: /Users/jamiemccarthy/Documents/Unity Stuff/2021.3.4f1/PlaybackEngines/AndroidPlayer/UnityEditor.Android.Extensions.dll
Register platform support module: /Users/jamiemccarthy/Documents/Unity Stuff/2021.3.4f1/PlaybackEngines/iOSSupport/UnityEditor.iOS.Extensions.dll
Register platform support module: /Users/jamiemccarthy/Documents/Unity Stuff/2021.3.4f1/PlaybackEngines/WindowsStandaloneSupport/UnityEditor.WindowsStandalone.Extensions.dll
Registered in 0.001857 seconds.
Native extension for WindowsStandalone target not found
[usbmuxd] Start listen thread
[usbmuxd] Listen thread started
[usbmuxd] Send listen message
Native extension for iOS target not found
Native extension for Android target not found
Native extension for OSXStandalone target not found
Native extension for WebGL target not found
Refreshing native plugins compatible for Editor in 97.50 ms, found 3 plugins.
Preloading 0 native plugins for Editor in 0.00 ms.
Mono: successfully reloaded assembly
- Completed reload, in  0.799 seconds
Domain Reload Profiling:
	ReloadAssembly (800ms)
		BeginReloadAssembly (63ms)
			ExecutionOrderSort (0ms)
			DisableScriptedObjects (0ms)
			BackupInstance (0ms)
			ReleaseScriptingObjects (0ms)
			CreateAndSetChildDomain (1ms)
		EndReloadAssembly (608ms)
			LoadAssemblies (66ms)
			RebuildTransferFunctionScriptingTraits (0ms)
			SetupTypeCache (141ms)
			ReleaseScriptCaches (0ms)
			RebuildScriptCaches (34ms)
			SetupLoadedEditorAssemblies (379ms)
				LogAssemblyErrors (0ms)
				InitializePlatformSupportModulesInManaged (117ms)
				SetLoadedEditorAssemblies (0ms)
				RefreshPlugins (98ms)
				BeforeProcessingInitializeOnLoad (1ms)
				ProcessInitializeOnLoadAttributes (118ms)
				ProcessInitializeOnLoadMethodAttributes (45ms)
				AfterProcessingInitializeOnLoad (0ms)
				EditorAssembliesLoaded (0ms)
			ExecutionOrderSort2 (0ms)
			AwakeInstancesAfterBackupRestoration (0ms)
Platform modules already initialized, skipping
Registering precompiled user dll's ...
Registered in 0.006148 seconds.
Begin MonoManager ReloadAssembly
Symbol file LoadedFromMemory doesn't match image /Users/jamiemccarthy/Documents/Unity Stuff/CTYI-Summer-Camp-2022/CTYI Summer Camp/Library/PackageCache/com.unity.visualscripting@1.7.8/Editor/VisualScripting.Core/Dependencies/YamlDotNet/Unity.VisualScripting.YamlDotNet.dll
Symbol file LoadedFromMemory doesn't match image /Users/jamiemccarthy/Documents/Unity Stuff/CTYI-Summer-Camp-2022/CTYI Summer Camp/Library/PackageCache/com.unity.visualscripting@1.7.8/Editor/VisualScripting.Core/Dependencies/DotNetZip/Unity.VisualScripting.IonicZip.dll
Native extension for WindowsStandalone target not found
Native extension for iOS target not found
Native extension for Android target not found
Native extension for OSXStandalone target not found
Native extension for WebGL target not found
Refreshing native plugins compatible for Editor in 93.48 ms, found 3 plugins.
Preloading 0 native plugins for Editor in 0.00 ms.
Mono: successfully reloaded assembly
- Completed reload, in  1.334 seconds
Domain Reload Profiling:
	ReloadAssembly (1335ms)
		BeginReloadAssembly (112ms)
			ExecutionOrderSort (0ms)
			DisableScriptedObjects (7ms)
			BackupInstance (0ms)
			ReleaseScriptingObjects (0ms)
			CreateAndSetChildDomain (24ms)
		EndReloadAssembly (1095ms)
			LoadAssemblies (85ms)
			RebuildTransferFunctionScriptingTraits (0ms)
			SetupTypeCache (334ms)
			ReleaseScriptCaches (1ms)
			RebuildScriptCaches (74ms)
			SetupLoadedEditorAssemblies (548ms)
				LogAssemblyErrors (0ms)
				InitializePlatformSupportModulesInManaged (26ms)
				SetLoadedEditorAssemblies (0ms)
				RefreshPlugins (94ms)
				BeforeProcessingInitializeOnLoad (96ms)
				ProcessInitializeOnLoadAttributes (289ms)
				ProcessInitializeOnLoadMethodAttributes (42ms)
				AfterProcessingInitializeOnLoad (1ms)
				EditorAssembliesLoaded (0ms)
			ExecutionOrderSort2 (0ms)
			AwakeInstancesAfterBackupRestoration (3ms)
Platform modules already initialized, skipping
========================================================================
Worker process is ready to serve import requests
Launching external process: /Users/jamiemccarthy/Documents/Unity Stuff/2021.3.4f1/Unity.app/Contents/Tools/UnityShaderCompiler
Launched and connected shader compiler UnityShaderCompiler after 0.06 seconds
Refreshing native plugins compatible for Editor in 0.67 ms, found 3 plugins.
Preloading 0 native plugins for Editor in 0.00 ms.
Unloading 4356 Unused Serialized files (Serialized files now loaded: 0)
Unloading 53 unused Assets / (127.0 KB). Loaded Objects now: 4812.
Memory consumption went from 294.2 MB to 294.1 MB.
Total: 4.175480 ms (FindLiveObjects: 0.361645 ms CreateObjectMapping: 0.333592 ms MarkObjects: 3.377971 ms  DeleteObjects: 0.101216 ms)

AssetImportParameters requested are different than current active one (requested -> active):
  custom:video-decoder-ogg-theora: a1e56fd34408186e4bbccfd4996cb3dc -> 
  custom:container-muxer-webm: aa71ff27fc2769a1b78a27578f13a17b -> 
  custom:container-demuxer-webm: 4f35f7cbe854078d1ac9338744f61a02 -> 
  custom:video-encoder-webm-vp8: eb34c28f22e8b96e1ab97ce403110664 -> 
  custom:framework-osx-AVFoundation: e770b220cccbd017edd2c1fefb359320 -> 
  custom:audio-encoder-webm-vorbis: bf7c407c2cedff20999df2af8eb42d56 -> 
  custom:container-demuxer-ogg: 62fdf1f143b41e24485cea50d1cbac27 -> 
  custom:video-decoder-webm-vp8: 9c59270c3fd7afecdb556c50c9e8de78 -> 
  custom:audio-decoder-ogg-vorbis: bf7c407c2cedff20999df2af8eb42d56 -> 
========================================================================
Received Import Request.
  Time since last request: 16574.711278 seconds.
  path: Assets/Week 1/Animations
  artifactKey: Guid(44c3c41c2e343194dbd125e6e95a2978) Importer(815301076,1909f56bfc062723c751e8b465ee728b)
Start importing Assets/Week 1/Animations using Guid(44c3c41c2e343194dbd125e6e95a2978) Importer(815301076,1909f56bfc062723c751e8b465ee728b)  -> (artifact id: '98c579be11578a5a520c87c71aa6896c') in 0.010201 seconds 
========================================================================
Received Import Request.
  Time since last request: 1.071713 seconds.
  path: Assets/Week 1/Animations/Player_doubleJump
  artifactKey: Guid(cf7bd67fd07caf141a0421fee7ac9c7f) Importer(815301076,1909f56bfc062723c751e8b465ee728b)
Start importing Assets/Week 1/Animations/Player_doubleJump using Guid(cf7bd67fd07caf141a0421fee7ac9c7f) Importer(815301076,1909f56bfc062723c751e8b465ee728b)  -> (artifact id: '6a945af21ba5f0f75247c7cdf6375d5d') in 0.001463 seconds 
========================================================================
Received Import Request.
  Time since last request: 18.105200 seconds.
  path: Assets/Week 1/Animations/Enemuy_Idle
  artifactKey: Guid(fe86482012d214ee492c5fa801828c95) Importer(815301076,1909f56bfc062723c751e8b465ee728b)
Start importing Assets/Week 1/Animations/Enemuy_Idle using Guid(fe86482012d214ee492c5fa801828c95) Importer(815301076,1909f56bfc062723c751e8b465ee728b)  -> (artifact id: '0f841a91cfb799dec9a181466c15c199') in 0.001068 seconds 
========================================================================
Received Prepare
Registering precompiled user dll's ...
Registered in 0.005178 seconds.
Begin MonoManager ReloadAssembly
Symbol file LoadedFromMemory doesn't match image /Users/jamiemccarthy/Documents/Unity Stuff/CTYI-Summer-Camp-2022/CTYI Summer Camp/Library/PackageCache/com.unity.visualscripting@1.7.8/Editor/VisualScripting.Core/Dependencies/YamlDotNet/Unity.VisualScripting.YamlDotNet.dll
Symbol file LoadedFromMemory doesn't match image /Users/jamiemccarthy/Documents/Unity Stuff/CTYI-Summer-Camp-2022/CTYI Summer Camp/Library/PackageCache/com.unity.visualscripting@1.7.8/Editor/VisualScripting.Core/Dependencies/DotNetZip/Unity.VisualScripting.IonicZip.dll
Native extension for WindowsStandalone target not found
Native extension for iOS target not found
Native extension for Android target not found
Native extension for OSXStandalone target not found
Native extension for WebGL target not found
Refreshing native plugins compatible for Editor in 0.72 ms, found 3 plugins.
Preloading 0 native plugins for Editor in 0.00 ms.
Mono: successfully reloaded assembly
- Completed reload, in  1.155 seconds
Domain Reload Profiling:
	ReloadAssembly (1155ms)
		BeginReloadAssembly (133ms)
			ExecutionOrderSort (0ms)
			DisableScriptedObjects (7ms)
			BackupInstance (0ms)
			ReleaseScriptingObjects (0ms)
			CreateAndSetChildDomain (50ms)
		EndReloadAssembly (901ms)
			LoadAssemblies (77ms)
			RebuildTransferFunctionScriptingTraits (0ms)
			SetupTypeCache (314ms)
			ReleaseScriptCaches (1ms)
			RebuildScriptCaches (64ms)
			SetupLoadedEditorAssemblies (391ms)
				LogAssemblyErrors (0ms)
				InitializePlatformSupportModulesInManaged (31ms)
				SetLoadedEditorAssemblies (1ms)
				RefreshPlugins (1ms)
				BeforeProcessingInitializeOnLoad (66ms)
				ProcessInitializeOnLoadAttributes (252ms)
				ProcessInitializeOnLoadMethodAttributes (39ms)
				AfterProcessingInitializeOnLoad (1ms)
				EditorAssembliesLoaded (0ms)
			ExecutionOrderSort2 (0ms)
			AwakeInstancesAfterBackupRestoration (5ms)
Platform modules already initialized, skipping
Refreshing native plugins compatible for Editor in 1.61 ms, found 3 plugins.
Preloading 0 native plugins for Editor in 0.00 ms.
Unloading 4331 Unused Serialized files (Serialized files now loaded: 0)
Unloading 28 unused Assets / (97.8 KB). Loaded Objects now: 4827.
Memory consumption went from 292.6 MB to 292.5 MB.
Total: 3.805903 ms (FindLiveObjects: 0.325846 ms CreateObjectMapping: 0.333962 ms MarkObjects: 3.108997 ms  DeleteObjects: 0.036370 ms)

AssetImportParameters requested are different than current active one (requested -> active):
  custom:video-decoder-ogg-theora: a1e56fd34408186e4bbccfd4996cb3dc -> 
  custom:container-muxer-webm: aa71ff27fc2769a1b78a27578f13a17b -> 
  custom:container-demuxer-webm: 4f35f7cbe854078d1ac9338744f61a02 -> 
  custom:video-encoder-webm-vp8: eb34c28f22e8b96e1ab97ce403110664 -> 
  custom:framework-osx-AVFoundation: e770b220cccbd017edd2c1fefb359320 -> 
  custom:audio-encoder-webm-vorbis: bf7c407c2cedff20999df2af8eb42d56 -> 
  custom:container-demuxer-ogg: 62fdf1f143b41e24485cea50d1cbac27 -> 
  custom:video-decoder-webm-vp8: 9c59270c3fd7afecdb556c50c9e8de78 -> 
  custom:audio-decoder-ogg-vorbis: bf7c407c2cedff20999df2af8eb42d56 -> 
========================================================================
Received Import Request.
  Time since last request: 30.091620 seconds.
  path: Assets/Week 1/Animations/Enemy_Hit
  artifactKey: Guid(365385a32b597477eb8d342406a7e601) Importer(815301076,1909f56bfc062723c751e8b465ee728b)
Start importing Assets/Week 1/Animations/Enemy_Hit using Guid(365385a32b597477eb8d342406a7e601) Importer(815301076,1909f56bfc062723c751e8b465ee728b)  -> (artifact id: '3101d56c4aafde0f34e8c84748d93d0a') in 0.007212 seconds 
========================================================================
Received Import Request.
  Time since last request: 16.531310 seconds.
  path: Assets/Week 1/Animations/Enemy_Run
  artifactKey: Guid(34a01ba94580f4b24933a010877967db) Importer(815301076,1909f56bfc062723c751e8b465ee728b)
Start importing Assets/Week 1/Animations/Enemy_Run using Guid(34a01ba94580f4b24933a010877967db) Importer(815301076,1909f56bfc062723c751e8b465ee728b)  -> (artifact id: 'cd27285d4c7ed551c2a500422452ad39') in 0.001109 seconds 
========================================================================
Received Import Request.
  Time since last request: 118.682548 seconds.
  path: Assets/Week 1/Animations/Enemuy_Idle/Enemy_Idle.anim
  artifactKey: Guid(3c818a6d8a7424b8ea08162ebdac10b7) Importer(815301076,1909f56bfc062723c751e8b465ee728b)
Start importing Assets/Week 1/Animations/Enemuy_Idle/Enemy_Idle.anim using Guid(3c818a6d8a7424b8ea08162ebdac10b7) Importer(815301076,1909f56bfc062723c751e8b465ee728b)  -> (artifact id: '7731782010bc4b017e017f92ab04f999') in 0.738793 seconds 
========================================================================
Received Import Request.
  Time since last request: 2.832066 seconds.
  path: Assets/Week 1/Animations/Enemuy_Idle/Idle (32x32)_0.controller
  artifactKey: Guid(1acb63933d9624e6d80012f802d60aaf) Importer(815301076,1909f56bfc062723c751e8b465ee728b)
Start importing Assets/Week 1/Animations/Enemuy_Idle/Idle (32x32)_0.controller using Guid(1acb63933d9624e6d80012f802d60aaf) Importer(815301076,1909f56bfc062723c751e8b465ee728b)  -> (artifact id: '03a889f09d5337741f08a3225b10fcab') in 0.091392 seconds 
========================================================================
Received Import Request.
  Time since last request: 28.504282 seconds.
  path: Assets/Week 1/Animations/Enemuy_Idle/Enemy Controller.controller
  artifactKey: Guid(1acb63933d9624e6d80012f802d60aaf) Importer(815301076,1909f56bfc062723c751e8b465ee728b)
Start importing Assets/Week 1/Animations/Enemuy_Idle/Enemy Controller.controller using Guid(1acb63933d9624e6d80012f802d60aaf) Importer(815301076,1909f56bfc062723c751e8b465ee728b)  -> (artifact id: '29207ba4e9fecbc3df72ed2b701e7c13') in 0.002491 seconds 
========================================================================
Received Import Request.
  Time since last request: 12.393476 seconds.
  path: Assets/Week 1/Animations/Enemuy_Idle/Enemy.controller
  artifactKey: Guid(1acb63933d9624e6d80012f802d60aaf) Importer(815301076,1909f56bfc062723c751e8b465ee728b)
Start importing Assets/Week 1/Animations/Enemuy_Idle/Enemy.controller using Guid(1acb63933d9624e6d80012f802d60aaf) Importer(815301076,1909f56bfc062723c751e8b465ee728b)  -> (artifact id: 'de4c114505e71a4d5aef60554cc08f1c') in 0.002448 seconds 
========================================================================
Received Import Request.
  Time since last request: 43.474102 seconds.
  path: Assets/Week 1/Animations/Enemy_Idle
  artifactKey: Guid(fe86482012d214ee492c5fa801828c95) Importer(815301076,1909f56bfc062723c751e8b465ee728b)
Start importing Assets/Week 1/Animations/Enemy_Idle using Guid(fe86482012d214ee492c5fa801828c95) Importer(815301076,1909f56bfc062723c751e8b465ee728b)  -> (artifact id: '6decb52351dbb17895795b60b353bdb2') in 0.000931 seconds 
========================================================================
Received Import Request.
  Time since last request: 782.028214 seconds.
  path: Assets/Week 1/Animations/Enemy_Run/New Animation.anim
  artifactKey: Guid(59175b699a6ae451db6d436039e99bf4) Importer(815301076,1909f56bfc062723c751e8b465ee728b)
Start importing Assets/Week 1/Animations/Enemy_Run/New Animation.anim using Guid(59175b699a6ae451db6d436039e99bf4) Importer(815301076,1909f56bfc062723c751e8b465ee728b)  -> (artifact id: '02b954b90d1edacb1a428bcab7da9a80') in 0.003378 seconds 
========================================================================
Received Import Request.
  Time since last request: 8.769803 seconds.
  path: Assets/Week 1/Animations/Enemy_Run/Enemy_Run.anim
  artifactKey: Guid(59175b699a6ae451db6d436039e99bf4) Importer(815301076,1909f56bfc062723c751e8b465ee728b)
Start importing Assets/Week 1/Animations/Enemy_Run/Enemy_Run.anim using Guid(59175b699a6ae451db6d436039e99bf4) Importer(815301076,1909f56bfc062723c751e8b465ee728b)  -> (artifact id: '35a62a1f38a3db24e241fb5cd561fc96') in 0.002280 seconds 
========================================================================
Received Import Request.
  Time since last request: 3304.503426 seconds.
  path: Assets/Week 1/Animations/Enemy_Idle/Enemy_Idle.anim
  artifactKey: Guid(3c818a6d8a7424b8ea08162ebdac10b7) Importer(815301076,1909f56bfc062723c751e8b465ee728b)
Start importing Assets/Week 1/Animations/Enemy_Idle/Enemy_Idle.anim using Guid(3c818a6d8a7424b8ea08162ebdac10b7) Importer(815301076,1909f56bfc062723c751e8b465ee728b)  -> (artifact id: 'f0cb132481c7608c36eddf6be3baafea') in 0.002429 seconds 
========================================================================
Received Import Request.
  Time since last request: 99.269516 seconds.
  path: Assets/Week 1/Animations/Player_Idle/Player.controller
  artifactKey: Guid(439669b1f57a3b344ab979be62f15d7b) Importer(815301076,1909f56bfc062723c751e8b465ee728b)
Start importing Assets/Week 1/Animations/Player_Idle/Player.controller using Guid(439669b1f57a3b344ab979be62f15d7b) Importer(815301076,1909f56bfc062723c751e8b465ee728b)  -> (artifact id: '7af90cacb4057c488ca7d72085fc618b') in 0.005456 seconds 
========================================================================
Received Prepare
Registering precompiled user dll's ...
Registered in 0.005923 seconds.
Begin MonoManager ReloadAssembly
Symbol file LoadedFromMemory doesn't match image /Users/jamiemccarthy/Documents/Unity Stuff/CTYI-Summer-Camp-2022/CTYI Summer Camp/Library/PackageCache/com.unity.visualscripting@1.7.8/Editor/VisualScripting.Core/Dependencies/YamlDotNet/Unity.VisualScripting.YamlDotNet.dll
Symbol file LoadedFromMemory doesn't match image /Users/jamiemccarthy/Documents/Unity Stuff/CTYI-Summer-Camp-2022/CTYI Summer Camp/Library/PackageCache/com.unity.visualscripting@1.7.8/Editor/VisualScripting.Core/Dependencies/DotNetZip/Unity.VisualScripting.IonicZip.dll
Native extension for WindowsStandalone target not found
Native extension for iOS target not found
Native extension for Android target not found
Native extension for OSXStandalone target not found
Native extension for WebGL target not found
Refreshing native plugins compatible for Editor in 0.86 ms, found 3 plugins.
Preloading 0 native plugins for Editor in 0.00 ms.
Mono: successfully reloaded assembly
- Completed reload, in  1.307 seconds
Domain Reload Profiling:
	ReloadAssembly (1308ms)
		BeginReloadAssembly (134ms)
			ExecutionOrderSort (0ms)
			DisableScriptedObjects (6ms)
			BackupInstance (0ms)
			ReleaseScriptingObjects (0ms)
			CreateAndSetChildDomain (54ms)
		EndReloadAssembly (1054ms)
			LoadAssemblies (82ms)
			RebuildTransferFunctionScriptingTraits (0ms)
			SetupTypeCache (384ms)
			ReleaseScriptCaches (1ms)
			RebuildScriptCaches (68ms)
			SetupLoadedEditorAssemblies (448ms)
				LogAssemblyErrors (0ms)
				InitializePlatformSupportModulesInManaged (39ms)
				SetLoadedEditorAssemblies (1ms)
				RefreshPlugins (1ms)
				BeforeProcessingInitializeOnLoad (82ms)
				ProcessInitializeOnLoadAttributes (279ms)
				ProcessInitializeOnLoadMethodAttributes (45ms)
				AfterProcessingInitializeOnLoad (1ms)
				EditorAssembliesLoaded (0ms)
			ExecutionOrderSort2 (0ms)
			AwakeInstancesAfterBackupRestoration (6ms)
Platform modules already initialized, skipping
Refreshing native plugins compatible for Editor in 2.16 ms, found 3 plugins.
Preloading 0 native plugins for Editor in 0.00 ms.
Unloading 4331 Unused Serialized files (Serialized files now loaded: 0)
Unloading 28 unused Assets / (94.5 KB). Loaded Objects now: 4842.
Memory consumption went from 301.3 MB to 301.2 MB.
Total: 3.867894 ms (FindLiveObjects: 0.358975 ms CreateObjectMapping: 0.268187 ms MarkObjects: 3.201396 ms  DeleteObjects: 0.038568 ms)

AssetImportParameters requested are different than current active one (requested -> active):
  custom:video-decoder-ogg-theora: a1e56fd34408186e4bbccfd4996cb3dc -> 
  custom:container-muxer-webm: aa71ff27fc2769a1b78a27578f13a17b -> 
  custom:container-demuxer-webm: 4f35f7cbe854078d1ac9338744f61a02 -> 
  custom:video-encoder-webm-vp8: eb34c28f22e8b96e1ab97ce403110664 -> 
  custom:framework-osx-AVFoundation: e770b220cccbd017edd2c1fefb359320 -> 
  custom:audio-encoder-webm-vorbis: bf7c407c2cedff20999df2af8eb42d56 -> 
  custom:container-demuxer-ogg: 62fdf1f143b41e24485cea50d1cbac27 -> 
  custom:video-decoder-webm-vp8: 9c59270c3fd7afecdb556c50c9e8de78 -> 
  custom:audio-decoder-ogg-vorbis: bf7c407c2cedff20999df2af8eb42d56 -> 
========================================================================
Received Prepare
Registering precompiled user dll's ...
Registered in 0.005317 seconds.
Begin MonoManager ReloadAssembly
Symbol file LoadedFromMemory doesn't match image /Users/jamiemccarthy/Documents/Unity Stuff/CTYI-Summer-Camp-2022/CTYI Summer Camp/Library/PackageCache/com.unity.visualscripting@1.7.8/Editor/VisualScripting.Core/Dependencies/YamlDotNet/Unity.VisualScripting.YamlDotNet.dll
Symbol file LoadedFromMemory doesn't match image /Users/jamiemccarthy/Documents/Unity Stuff/CTYI-Summer-Camp-2022/CTYI Summer Camp/Library/PackageCache/com.unity.visualscripting@1.7.8/Editor/VisualScripting.Core/Dependencies/DotNetZip/Unity.VisualScripting.IonicZip.dll
Native extension for WindowsStandalone target not found
Native extension for iOS target not found
Native extension for Android target not found
Native extension for OSXStandalone target not found
Native extension for WebGL target not found
Refreshing native plugins compatible for Editor in 0.80 ms, found 3 plugins.
Preloading 0 native plugins for Editor in 0.00 ms.
Mono: successfully reloaded assembly
- Completed reload, in  1.291 seconds
Domain Reload Profiling:
	ReloadAssembly (1292ms)
		BeginReloadAssembly (131ms)
			ExecutionOrderSort (0ms)
			DisableScriptedObjects (6ms)
			BackupInstance (0ms)
			ReleaseScriptingObjects (0ms)
			CreateAndSetChildDomain (50ms)
		EndReloadAssembly (1046ms)
			LoadAssemblies (75ms)
			RebuildTransferFunctionScriptingTraits (0ms)
			SetupTypeCache (370ms)
			ReleaseScriptCaches (1ms)
			RebuildScriptCaches (68ms)
			SetupLoadedEditorAssemblies (460ms)
				LogAssemblyErrors (0ms)
				InitializePlatformSupportModulesInManaged (36ms)
				SetLoadedEditorAssemblies (1ms)
				RefreshPlugins (1ms)
				BeforeProcessingInitializeOnLoad (81ms)
				ProcessInitializeOnLoadAttributes (294ms)
				ProcessInitializeOnLoadMethodAttributes (46ms)
				AfterProcessingInitializeOnLoad (1ms)
				EditorAssembliesLoaded (0ms)
			ExecutionOrderSort2 (0ms)
			AwakeInstancesAfterBackupRestoration (7ms)
Platform modules already initialized, skipping
Refreshing native plugins compatible for Editor in 1.73 ms, found 3 plugins.
Preloading 0 native plugins for Editor in 0.00 ms.
Unloading 4331 Unused Serialized files (Serialized files now loaded: 0)
Unloading 28 unused Assets / (99.1 KB). Loaded Objects now: 4857.
Memory consumption went from 301.6 MB to 301.5 MB.
Total: 3.946057 ms (FindLiveObjects: 0.397723 ms CreateObjectMapping: 0.288310 ms MarkObjects: 3.216393 ms  DeleteObjects: 0.042873 ms)

AssetImportParameters requested are different than current active one (requested -> active):
  custom:video-decoder-ogg-theora: a1e56fd34408186e4bbccfd4996cb3dc -> 
  custom:container-muxer-webm: aa71ff27fc2769a1b78a27578f13a17b -> 
  custom:container-demuxer-webm: 4f35f7cbe854078d1ac9338744f61a02 -> 
  custom:video-encoder-webm-vp8: eb34c28f22e8b96e1ab97ce403110664 -> 
  custom:framework-osx-AVFoundation: e770b220cccbd017edd2c1fefb359320 -> 
  custom:audio-encoder-webm-vorbis: bf7c407c2cedff20999df2af8eb42d56 -> 
  custom:container-demuxer-ogg: 62fdf1f143b41e24485cea50d1cbac27 -> 
  custom:video-decoder-webm-vp8: 9c59270c3fd7afecdb556c50c9e8de78 -> 
  custom:audio-decoder-ogg-vorbis: bf7c407c2cedff20999df2af8eb42d56 -> 
