Using pre-set license
Built from '2021.3/staging' branch; Version is '2021.3.3f1 (af2e63e8f9bd) revision 11480675'; Using compiler version '192829333'; Build Type 'Release'
OS: 'Windows 11  (10.0.22000) 64bit Core' Language: 'en' Physical Memory: 32705 MB
BatchMode: 1, IsHumanControllingUs: 0, StartBugReporterOnCrash: 0, Is64bit: 1, IsPro: 1

COMMAND LINE ARGUMENTS:
C:\Program Files\Unity\Hub\Editor\2021.3.3f1\Editor\Unity.exe
-adb2
-batchMode
-noUpm
-name
AssetImportWorker9
-projectPath
C:/Users/mccar/OneDrive/Documents/Unity/CTYI-Summer-Camp-2022/CTYI Summer Camp
-logFile
Logs/AssetImportWorker9.log
-srvPort
57977
Successfully changed project path to: C:/Users/mccar/OneDrive/Documents/Unity/CTYI-Summer-Camp-2022/CTYI Summer Camp
C:/Users/mccar/OneDrive/Documents/Unity/CTYI-Summer-Camp-2022/CTYI Summer Camp
[UnityMemory] Configuration Parameters - Can be set up in boot.config
    "memorysetup-bucket-allocator-granularity=16"
    "memorysetup-bucket-allocator-bucket-count=8"
    "memorysetup-bucket-allocator-block-size=33554432"
    "memorysetup-bucket-allocator-block-count=8"
    "memorysetup-main-allocator-block-size=16777216"
    "memorysetup-thread-allocator-block-size=16777216"
    "memorysetup-gfx-main-allocator-block-size=16777216"
    "memorysetup-gfx-thread-allocator-block-size=16777216"
    "memorysetup-cache-allocator-block-size=4194304"
    "memorysetup-typetree-allocator-block-size=2097152"
    "memorysetup-profiler-bucket-allocator-granularity=16"
    "memorysetup-profiler-bucket-allocator-bucket-count=8"
    "memorysetup-profiler-bucket-allocator-block-size=33554432"
    "memorysetup-profiler-bucket-allocator-block-count=8"
    "memorysetup-profiler-allocator-block-size=16777216"
    "memorysetup-profiler-editor-allocator-block-size=1048576"
    "memorysetup-temp-allocator-size-main=16777216"
    "memorysetup-job-temp-allocator-block-size=2097152"
    "memorysetup-job-temp-allocator-block-size-background=1048576"
    "memorysetup-job-temp-allocator-reduction-small-platforms=262144"
    "memorysetup-temp-allocator-size-background-worker=32768"
    "memorysetup-temp-allocator-size-job-worker=262144"
    "memorysetup-temp-allocator-size-preload-manager=33554432"
    "memorysetup-temp-allocator-size-nav-mesh-worker=65536"
    "memorysetup-temp-allocator-size-audio-worker=65536"
    "memorysetup-temp-allocator-size-cloud-worker=32768"
    "memorysetup-temp-allocator-size-gi-baking-worker=262144"
    "memorysetup-temp-allocator-size-gfx=262144"
Refreshing native plugins compatible for Editor in 85.94 ms, found 4 plugins.
Preloading 0 native plugins for Editor in 0.00 ms.
Initialize engine version: 2021.3.3f1 (af2e63e8f9bd)
[Subsystems] Discovering subsystems at path C:/Program Files/Unity/Hub/Editor/2021.3.3f1/Editor/Data/Resources/UnitySubsystems
[Subsystems] Discovering subsystems at path C:/Users/mccar/OneDrive/Documents/Unity/CTYI-Summer-Camp-2022/CTYI Summer Camp/Assets
GfxDevice: creating device client; threaded=0; jobified=0
Direct3D:
    Version:  Direct3D 11.0 [level 11.1]
    Renderer: NVIDIA GeForce RTX 3070 (ID=0x2484)
    Vendor:   NVIDIA
    VRAM:     8043 MB
    Driver:   27.21.14.5751
Initialize mono
Mono path[0] = 'C:/Program Files/Unity/Hub/Editor/2021.3.3f1/Editor/Data/Managed'
Mono path[1] = 'C:/Program Files/Unity/Hub/Editor/2021.3.3f1/Editor/Data/MonoBleedingEdge/lib/mono/unityjit-win32'
Mono config path = 'C:/Program Files/Unity/Hub/Editor/2021.3.3f1/Editor/Data/MonoBleedingEdge/etc'
Using monoOptions --debugger-agent=transport=dt_socket,embedding=1,server=y,suspend=n,address=127.0.0.1:56552
Begin MonoManager ReloadAssembly
Registering precompiled unity dll's ...
Register platform support module: C:/Program Files/Unity/Hub/Editor/2021.3.3f1/Editor/Data/PlaybackEngines/WebGLSupport/UnityEditor.WebGL.Extensions.dll
Register platform support module: C:/Program Files/Unity/Hub/Editor/2021.3.3f1/Editor/Data/PlaybackEngines/WindowsStandaloneSupport/UnityEditor.WindowsStandalone.Extensions.dll
Registered in 0.006096 seconds.
Native extension for WindowsStandalone target not found
Native extension for WebGL target not found
Refreshing native plugins compatible for Editor in 81.40 ms, found 4 plugins.
Preloading 0 native plugins for Editor in 0.00 ms.
Mono: successfully reloaded assembly
- Completed reload, in  0.567 seconds
Domain Reload Profiling:
	ReloadAssembly (568ms)
		BeginReloadAssembly (61ms)
			ExecutionOrderSort (0ms)
			DisableScriptedObjects (0ms)
			BackupInstance (0ms)
			ReleaseScriptingObjects (0ms)
			CreateAndSetChildDomain (1ms)
		EndReloadAssembly (414ms)
			LoadAssemblies (60ms)
			RebuildTransferFunctionScriptingTraits (0ms)
			SetupTypeCache (99ms)
			ReleaseScriptCaches (0ms)
			RebuildScriptCaches (23ms)
			SetupLoadedEditorAssemblies (248ms)
				LogAssemblyErrors (0ms)
				InitializePlatformSupportModulesInManaged (7ms)
				SetLoadedEditorAssemblies (0ms)
				RefreshPlugins (81ms)
				BeforeProcessingInitializeOnLoad (1ms)
				ProcessInitializeOnLoadAttributes (116ms)
				ProcessInitializeOnLoadMethodAttributes (42ms)
				AfterProcessingInitializeOnLoad (0ms)
				EditorAssembliesLoaded (0ms)
			ExecutionOrderSort2 (0ms)
			AwakeInstancesAfterBackupRestoration (0ms)
Platform modules already initialized, skipping
Registering precompiled user dll's ...
Registered in 0.010265 seconds.
Begin MonoManager ReloadAssembly
Symbol file LoadedFromMemory doesn't match image C:\Users\mccar\OneDrive\Documents\Unity\CTYI-Summer-Camp-2022\CTYI Summer Camp\Library\PackageCache\com.unity.visualscripting@1.7.5\Editor\VisualScripting.Core\Dependencies\YamlDotNet\Unity.VisualScripting.YamlDotNet.dll
Symbol file LoadedFromMemory doesn't match image C:\Users\mccar\OneDrive\Documents\Unity\CTYI-Summer-Camp-2022\CTYI Summer Camp\Library\PackageCache\com.unity.visualscripting@1.7.5\Editor\VisualScripting.Core\Dependencies\DotNetZip\Unity.VisualScripting.IonicZip.dll
Native extension for WindowsStandalone target not found
Native extension for WebGL target not found
Refreshing native plugins compatible for Editor in 91.43 ms, found 4 plugins.
Preloading 0 native plugins for Editor in 0.00 ms.
Mono: successfully reloaded assembly
- Completed reload, in  1.082 seconds
Domain Reload Profiling:
	ReloadAssembly (1083ms)
		BeginReloadAssembly (90ms)
			ExecutionOrderSort (0ms)
			DisableScriptedObjects (5ms)
			BackupInstance (0ms)
			ReleaseScriptingObjects (0ms)
			CreateAndSetChildDomain (14ms)
		EndReloadAssembly (892ms)
			LoadAssemblies (81ms)
			RebuildTransferFunctionScriptingTraits (0ms)
			SetupTypeCache (249ms)
			ReleaseScriptCaches (1ms)
			RebuildScriptCaches (49ms)
			SetupLoadedEditorAssemblies (463ms)
				LogAssemblyErrors (0ms)
				InitializePlatformSupportModulesInManaged (5ms)
				SetLoadedEditorAssemblies (0ms)
				RefreshPlugins (91ms)
				BeforeProcessingInitializeOnLoad (105ms)
				ProcessInitializeOnLoadAttributes (219ms)
				ProcessInitializeOnLoadMethodAttributes (36ms)
				AfterProcessingInitializeOnLoad (6ms)
				EditorAssembliesLoaded (0ms)
			ExecutionOrderSort2 (0ms)
			AwakeInstancesAfterBackupRestoration (5ms)
Platform modules already initialized, skipping
========================================================================
Worker process is ready to serve import requests
Launched and connected shader compiler UnityShaderCompiler.exe after 0.05 seconds
Refreshing native plugins compatible for Editor in 1.09 ms, found 4 plugins.
Preloading 0 native plugins for Editor in 0.00 ms.
Unloading 4187 Unused Serialized files (Serialized files now loaded: 0)
Unloading 38 unused Assets / (56.1 KB). Loaded Objects now: 4644.
Memory consumption went from 159.2 MB to 159.1 MB.
Total: 2.981400 ms (FindLiveObjects: 0.293700 ms CreateObjectMapping: 0.278000 ms MarkObjects: 2.345300 ms  DeleteObjects: 0.063600 ms)

AssetImportParameters requested are different than current active one (requested -> active):
  custom:video-decoder-ogg-theora: a1e56fd34408186e4bbccfd4996cb3dc -> 
  custom:container-muxer-webm: aa71ff27fc2769a1b78a27578f13a17b -> 
  custom:container-demuxer-webm: 4f35f7cbe854078d1ac9338744f61a02 -> 
  custom:video-encoder-webm-vp8: eb34c28f22e8b96e1ab97ce403110664 -> 
  custom:audio-encoder-webm-vorbis: bf7c407c2cedff20999df2af8eb42d56 -> 
  custom:framework-win-MediaFoundation: 216162199b28c13a410421893ffa2e32 -> 
  custom:container-demuxer-ogg: 62fdf1f143b41e24485cea50d1cbac27 -> 
  custom:video-decoder-webm-vp8: 9c59270c3fd7afecdb556c50c9e8de78 -> 
  custom:audio-decoder-ogg-vorbis: bf7c407c2cedff20999df2af8eb42d56 -> 
========================================================================
Received Prepare
Registering precompiled user dll's ...
Registered in 0.008727 seconds.
Begin MonoManager ReloadAssembly
Symbol file LoadedFromMemory doesn't match image C:\Users\mccar\OneDrive\Documents\Unity\CTYI-Summer-Camp-2022\CTYI Summer Camp\Library\PackageCache\com.unity.visualscripting@1.7.5\Editor\VisualScripting.Core\Dependencies\YamlDotNet\Unity.VisualScripting.YamlDotNet.dll
Symbol file LoadedFromMemory doesn't match image C:\Users\mccar\OneDrive\Documents\Unity\CTYI-Summer-Camp-2022\CTYI Summer Camp\Library\PackageCache\com.unity.visualscripting@1.7.5\Editor\VisualScripting.Core\Dependencies\DotNetZip\Unity.VisualScripting.IonicZip.dll
Native extension for WindowsStandalone target not found
Native extension for WebGL target not found
Refreshing native plugins compatible for Editor in 1.02 ms, found 4 plugins.
Preloading 0 native plugins for Editor in 0.00 ms.
Mono: successfully reloaded assembly
- Completed reload, in  0.965 seconds
Domain Reload Profiling:
	ReloadAssembly (966ms)
		BeginReloadAssembly (120ms)
			ExecutionOrderSort (0ms)
			DisableScriptedObjects (6ms)
			BackupInstance (0ms)
			ReleaseScriptingObjects (0ms)
			CreateAndSetChildDomain (31ms)
		EndReloadAssembly (755ms)
			LoadAssemblies (81ms)
			RebuildTransferFunctionScriptingTraits (0ms)
			SetupTypeCache (249ms)
			ReleaseScriptCaches (1ms)
			RebuildScriptCaches (46ms)
			SetupLoadedEditorAssemblies (330ms)
				LogAssemblyErrors (0ms)
				InitializePlatformSupportModulesInManaged (12ms)
				SetLoadedEditorAssemblies (0ms)
				RefreshPlugins (1ms)
				BeforeProcessingInitializeOnLoad (75ms)
				ProcessInitializeOnLoadAttributes (202ms)
				ProcessInitializeOnLoadMethodAttributes (33ms)
				AfterProcessingInitializeOnLoad (7ms)
				EditorAssembliesLoaded (0ms)
			ExecutionOrderSort2 (0ms)
			AwakeInstancesAfterBackupRestoration (7ms)
Platform modules already initialized, skipping
Refreshing native plugins compatible for Editor in 2.47 ms, found 4 plugins.
Preloading 0 native plugins for Editor in 0.00 ms.
Unloading 4162 Unused Serialized files (Serialized files now loaded: 0)
Unloading 25 unused Assets / (24.7 KB). Loaded Objects now: 4647.
Memory consumption went from 157.1 MB to 157.1 MB.
Total: 2.628500 ms (FindLiveObjects: 0.245700 ms CreateObjectMapping: 0.176900 ms MarkObjects: 2.180500 ms  DeleteObjects: 0.024600 ms)

AssetImportParameters requested are different than current active one (requested -> active):
  custom:video-decoder-ogg-theora: a1e56fd34408186e4bbccfd4996cb3dc -> 
  custom:container-muxer-webm: aa71ff27fc2769a1b78a27578f13a17b -> 
  custom:container-demuxer-webm: 4f35f7cbe854078d1ac9338744f61a02 -> 
  custom:video-encoder-webm-vp8: eb34c28f22e8b96e1ab97ce403110664 -> 
  custom:audio-encoder-webm-vorbis: bf7c407c2cedff20999df2af8eb42d56 -> 
  custom:framework-win-MediaFoundation: 216162199b28c13a410421893ffa2e32 -> 
  custom:container-demuxer-ogg: 62fdf1f143b41e24485cea50d1cbac27 -> 
  custom:video-decoder-webm-vp8: 9c59270c3fd7afecdb556c50c9e8de78 -> 
  custom:audio-decoder-ogg-vorbis: bf7c407c2cedff20999df2af8eb42d56 -> 
========================================================================
Received Import Request.
  Time since last request: 1212849.882285 seconds.
  path: Assets/General Assets/2D Assets/Pixel Adventure 1/Assets/Terrain/Terrain Sliced (16x16).png
  artifactKey: Guid(fc584d329b77b9545b9c9c8bb829e553) Importer(815301076,1909f56bfc062723c751e8b465ee728b)
Start importing Assets/General Assets/2D Assets/Pixel Adventure 1/Assets/Terrain/Terrain Sliced (16x16).png using Guid(fc584d329b77b9545b9c9c8bb829e553) Importer(815301076,1909f56bfc062723c751e8b465ee728b)  -> (artifact id: '73d74cd92925122cd3b8df9af13edd5f') in 0.428090 seconds 
========================================================================
Received Import Request.
  Time since last request: 251.807028 seconds.
  path: Assets/Week 1/Scenes - w1/3D Movement.unity
  artifactKey: Guid(e783b68b571bf4fbb9148517f33b9bcb) Importer(2089858483,0ecaa5967403d082aa24f35e1b516d23)
Start importing Assets/Week 1/Scenes - w1/3D Movement.unity using Guid(e783b68b571bf4fbb9148517f33b9bcb) Importer(2089858483,0ecaa5967403d082aa24f35e1b516d23) Generated GUIDs only implemented for interfaces!
 -> (artifact id: '93f408bfdfc7cb9793b22074a1b0f974') in 0.079612 seconds 
========================================================================
Received Import Request.
  Time since last request: 0.000016 seconds.
  path: Assets/General Assets/TextMesh Pro/Resources/Fonts & Materials/LiberationSans SDF - Drop Shadow.mat
  artifactKey: Guid(e73a58f6e2794ae7b1b7e50b7fb811b0) Importer(2089858483,0ecaa5967403d082aa24f35e1b516d23)
Start importing Assets/General Assets/TextMesh Pro/Resources/Fonts & Materials/LiberationSans SDF - Drop Shadow.mat using Guid(e73a58f6e2794ae7b1b7e50b7fb811b0) Importer(2089858483,0ecaa5967403d082aa24f35e1b516d23) Generated GUIDs only implemented for interfaces!
 -> (artifact id: 'decbb802dc48e516b654199c9505cd6a') in 0.054901 seconds 
========================================================================
Received Import Request.
  Time since last request: 0.000022 seconds.
  path: Assets/General Assets/TextMesh Pro/Resources/LineBreaking Leading Characters.txt
  artifactKey: Guid(d82c1b31c7e74239bff1220585707d2b) Importer(2089858483,0ecaa5967403d082aa24f35e1b516d23)
Start importing Assets/General Assets/TextMesh Pro/Resources/LineBreaking Leading Characters.txt using Guid(d82c1b31c7e74239bff1220585707d2b) Importer(2089858483,0ecaa5967403d082aa24f35e1b516d23) Generated GUIDs only implemented for interfaces!
 -> (artifact id: '3b26dbfbb0f77e92ef33c9828f9c7b18') in 0.029816 seconds 
========================================================================
Received Import Request.
  Time since last request: 0.000019 seconds.
  path: Assets/General Assets/TextMesh Pro/Shaders/TMPro_Mobile.cginc
  artifactKey: Guid(c334973cef89a9840b0b0c507e0377ab) Importer(2089858483,0ecaa5967403d082aa24f35e1b516d23)
Start importing Assets/General Assets/TextMesh Pro/Shaders/TMPro_Mobile.cginc using Guid(c334973cef89a9840b0b0c507e0377ab) Importer(2089858483,0ecaa5967403d082aa24f35e1b516d23) Generated GUIDs only implemented for interfaces!
 -> (artifact id: '6ab9bfd9ea44df5acff3fde61abb8980') in 0.011100 seconds 
========================================================================
Received Import Request.
  Time since last request: 0.000018 seconds.
  path: Assets/General Assets/2D Assets/Pixel Adventure 1/Assets/Main Characters/Ninja Frog/Run (32x32).png
  artifactKey: Guid(e362bc6a7c79fce4db16d145d43a5550) Importer(2089858483,0ecaa5967403d082aa24f35e1b516d23)
Start importing Assets/General Assets/2D Assets/Pixel Adventure 1/Assets/Main Characters/Ninja Frog/Run (32x32).png using Guid(e362bc6a7c79fce4db16d145d43a5550) Importer(2089858483,0ecaa5967403d082aa24f35e1b516d23) Generated GUIDs only implemented for interfaces!
 -> (artifact id: '48bdc82093d45e23a20e38975bb8122f') in 0.064859 seconds 
========================================================================
Received Import Request.
  Time since last request: 0.000024 seconds.
  path: Assets/General Assets/2D Assets/2D Pixel art pack - Rousette/Demo/demo.unity
  artifactKey: Guid(8c88d668b06755d41808f80b81d82f68) Importer(2089858483,0ecaa5967403d082aa24f35e1b516d23)
Start importing Assets/General Assets/2D Assets/2D Pixel art pack - Rousette/Demo/demo.unity using Guid(8c88d668b06755d41808f80b81d82f68) Importer(2089858483,0ecaa5967403d082aa24f35e1b516d23) Generated GUIDs only implemented for interfaces!
 -> (artifact id: '9cd6696721560a43c605dbe7bc20f02c') in 0.007857 seconds 
========================================================================
Received Import Request.
  Time since last request: 0.000017 seconds.
  path: Assets/General Assets/2D Assets/Pixel Adventure 1/Assets/Main Characters/Pink Man/Run (32x32).png
  artifactKey: Guid(cdb0cc8ca9aac2a4d84c6aa3c1cbf52b) Importer(2089858483,0ecaa5967403d082aa24f35e1b516d23)
Start importing Assets/General Assets/2D Assets/Pixel Adventure 1/Assets/Main Characters/Pink Man/Run (32x32).png using Guid(cdb0cc8ca9aac2a4d84c6aa3c1cbf52b) Importer(2089858483,0ecaa5967403d082aa24f35e1b516d23) Generated GUIDs only implemented for interfaces!
 -> (artifact id: '9226d9b2fb02d069168a025544db84d0') in 0.042996 seconds 
========================================================================
Received Import Request.
  Time since last request: 0.000016 seconds.
  path: Assets/General Assets/2D Assets/2D Pixel art pack - Rousette/Art/bubble3.png
  artifactKey: Guid(0543191e0dd53064f97c9d1758f282c1) Importer(2089858483,0ecaa5967403d082aa24f35e1b516d23)
Start importing Assets/General Assets/2D Assets/2D Pixel art pack - Rousette/Art/bubble3.png using Guid(0543191e0dd53064f97c9d1758f282c1) Importer(2089858483,0ecaa5967403d082aa24f35e1b516d23) Generated GUIDs only implemented for interfaces!
 -> (artifact id: 'a485a882a453266579069c922715f729') in 0.027833 seconds 
========================================================================
Received Import Request.
  Time since last request: 0.000015 seconds.
  path: Assets/General Assets/2D Assets/Pixel Adventure 1/Assets/Terrain/Terrain Sliced (16x16).png
  artifactKey: Guid(fc584d329b77b9545b9c9c8bb829e553) Importer(2089858483,0ecaa5967403d082aa24f35e1b516d23)
Start importing Assets/General Assets/2D Assets/Pixel Adventure 1/Assets/Terrain/Terrain Sliced (16x16).png using Guid(fc584d329b77b9545b9c9c8bb829e553) Importer(2089858483,0ecaa5967403d082aa24f35e1b516d23) Generated GUIDs only implemented for interfaces!
 -> (artifact id: 'd07af0a33ba75f77d3bcee2af1cbf4d4') in 0.867624 seconds 
========================================================================
Received Import Request.
  Time since last request: 0.000016 seconds.
  path: Assets/General Assets/2D Assets/Pixel Adventure 1/Assets/Traps/Sand Mud Ice/Ice Particle.png
  artifactKey: Guid(48b959756f0ed25489c149ed932257c2) Importer(2089858483,0ecaa5967403d082aa24f35e1b516d23)
Start importing Assets/General Assets/2D Assets/Pixel Adventure 1/Assets/Traps/Sand Mud Ice/Ice Particle.png using Guid(48b959756f0ed25489c149ed932257c2) Importer(2089858483,0ecaa5967403d082aa24f35e1b516d23) Generated GUIDs only implemented for interfaces!
 -> (artifact id: 'c6908d1dec4d4ffa585bf8a51352dc2d') in 0.019774 seconds 
========================================================================
Received Import Request.
  Time since last request: 0.000030 seconds.
  path: Assets/General Assets/2D Assets/Pixel Adventure 1/Assets/Main Characters/Pink Man/Idle (32x32).png
  artifactKey: Guid(d348dff3819df794186a80cb95777629) Importer(2089858483,0ecaa5967403d082aa24f35e1b516d23)
Start importing Assets/General Assets/2D Assets/Pixel Adventure 1/Assets/Main Characters/Pink Man/Idle (32x32).png using Guid(d348dff3819df794186a80cb95777629) Importer(2089858483,0ecaa5967403d082aa24f35e1b516d23) Generated GUIDs only implemented for interfaces!
 -> (artifact id: 'eac0bcb24862b93801b349cdaf33900c') in 0.044853 seconds 
========================================================================
Received Import Request.
  Time since last request: 0.000016 seconds.
  path: Assets/General Assets/2D Assets/Pixel Adventure 1/Assets/Main Characters/Pink Man/Hit (32x32).png
  artifactKey: Guid(9b0499fd3a0892046926ed19c78cfea3) Importer(2089858483,0ecaa5967403d082aa24f35e1b516d23)
Start importing Assets/General Assets/2D Assets/Pixel Adventure 1/Assets/Main Characters/Pink Man/Hit (32x32).png using Guid(9b0499fd3a0892046926ed19c78cfea3) Importer(2089858483,0ecaa5967403d082aa24f35e1b516d23) Generated GUIDs only implemented for interfaces!
 -> (artifact id: '814205f1884c13b7a04e51c8f19ad8c9') in 0.031637 seconds 
========================================================================
Received Import Request.
  Time since last request: 0.000018 seconds.
  path: Assets/General Assets/2D Assets/Pixel Adventure 1/Assets/Items/Fruits/Orange.png
  artifactKey: Guid(ffc9f271fad56c243a45f100b9dc6778) Importer(2089858483,0ecaa5967403d082aa24f35e1b516d23)
Start importing Assets/General Assets/2D Assets/Pixel Adventure 1/Assets/Items/Fruits/Orange.png using Guid(ffc9f271fad56c243a45f100b9dc6778) Importer(2089858483,0ecaa5967403d082aa24f35e1b516d23) Generated GUIDs only implemented for interfaces!
 -> (artifact id: '83b01d1d308679a8ed26c9fb61e20e12') in 0.054422 seconds 
========================================================================
Received Import Request.
  Time since last request: 0.000014 seconds.
  path: Assets/General Assets/TextMesh Pro/Sprites/EmojiOne Attribution.txt
  artifactKey: Guid(381dcb09d5029d14897e55f98031fca5) Importer(2089858483,0ecaa5967403d082aa24f35e1b516d23)
Start importing Assets/General Assets/TextMesh Pro/Sprites/EmojiOne Attribution.txt using Guid(381dcb09d5029d14897e55f98031fca5) Importer(2089858483,0ecaa5967403d082aa24f35e1b516d23) Generated GUIDs only implemented for interfaces!
 -> (artifact id: 'ca33d174254a79023eaa5a6531c0ed03') in 0.008776 seconds 
========================================================================
Received Import Request.
  Time since last request: 0.000014 seconds.
  path: Assets/General Assets/2D Assets/2D Pixel art pack - Rousette/Art/rousette2.png
  artifactKey: Guid(437a9b349bd1bed4f96857c3634fbef4) Importer(2089858483,0ecaa5967403d082aa24f35e1b516d23)
Start importing Assets/General Assets/2D Assets/2D Pixel art pack - Rousette/Art/rousette2.png using Guid(437a9b349bd1bed4f96857c3634fbef4) Importer(2089858483,0ecaa5967403d082aa24f35e1b516d23) Generated GUIDs only implemented for interfaces!
 -> (artifact id: '07a82fd5320661e8b33e26263053ddd2') in 0.070702 seconds 
========================================================================
Received Import Request.
  Time since last request: 0.000023 seconds.
  path: Assets/General Assets/TextMesh Pro/Shaders/TMP_SDF-Mobile Masking.shader
  artifactKey: Guid(bc1ede39bf3643ee8e493720e4259791) Importer(2089858483,0ecaa5967403d082aa24f35e1b516d23)
Start importing Assets/General Assets/TextMesh Pro/Shaders/TMP_SDF-Mobile Masking.shader using Guid(bc1ede39bf3643ee8e493720e4259791) Importer(2089858483,0ecaa5967403d082aa24f35e1b516d23) Generated GUIDs only implemented for interfaces!
 -> (artifact id: '9040373d7e5bf28aaba2f2ec3576e7f4') in 0.014737 seconds 
========================================================================
Received Import Request.
  Time since last request: 0.000023 seconds.
  path: Assets/General Assets/2D Assets/Pixel Adventure 1/Assets/Traps/Rock Head/Top Hit (42x42).png
  artifactKey: Guid(cbc3de93d8c073148bfa4e9b375fe7f7) Importer(2089858483,0ecaa5967403d082aa24f35e1b516d23)
Start importing Assets/General Assets/2D Assets/Pixel Adventure 1/Assets/Traps/Rock Head/Top Hit (42x42).png using Guid(cbc3de93d8c073148bfa4e9b375fe7f7) Importer(2089858483,0ecaa5967403d082aa24f35e1b516d23) Generated GUIDs only implemented for interfaces!
 -> (artifact id: 'ffc8e654ae270c78f07fc8f1ad891411') in 0.023396 seconds 
========================================================================
Received Import Request.
  Time since last request: 0.000015 seconds.
  path: Assets/General Assets/2D Assets/Pixel Adventure 1/Assets/Items/Boxes/Box1/Idle.png
  artifactKey: Guid(48fd9917466ade44fa9bfd8326fab049) Importer(2089858483,0ecaa5967403d082aa24f35e1b516d23)
Start importing Assets/General Assets/2D Assets/Pixel Adventure 1/Assets/Items/Boxes/Box1/Idle.png using Guid(48fd9917466ade44fa9bfd8326fab049) Importer(2089858483,0ecaa5967403d082aa24f35e1b516d23) Generated GUIDs only implemented for interfaces!
 -> (artifact id: 'd133c90b15d6653e738d045bd2f7939b') in 0.020047 seconds 
========================================================================
Received Import Request.
  Time since last request: 0.000015 seconds.
  path: Assets/General Assets/2D Assets/Pixel Adventure 1/Assets/Traps/Spiked Ball/Spiked Ball.png
  artifactKey: Guid(60e5d93de53da5642a38fce5925c3efa) Importer(2089858483,0ecaa5967403d082aa24f35e1b516d23)
Start importing Assets/General Assets/2D Assets/Pixel Adventure 1/Assets/Traps/Spiked Ball/Spiked Ball.png using Guid(60e5d93de53da5642a38fce5925c3efa) Importer(2089858483,0ecaa5967403d082aa24f35e1b516d23) Generated GUIDs only implemented for interfaces!
 -> (artifact id: '336b00e547278a25e8f67eccb3a86ad0') in 0.023774 seconds 
========================================================================
Received Import Request.
  Time since last request: 0.000017 seconds.
  path: Assets/General Assets/2D Assets/Pixel Adventure 1/Assets/Traps/Spiked Ball/Chain.png
  artifactKey: Guid(8baedcc19bcfee347a8aef42935eac87) Importer(2089858483,0ecaa5967403d082aa24f35e1b516d23)
Start importing Assets/General Assets/2D Assets/Pixel Adventure 1/Assets/Traps/Spiked Ball/Chain.png using Guid(8baedcc19bcfee347a8aef42935eac87) Importer(2089858483,0ecaa5967403d082aa24f35e1b516d23) Generated GUIDs only implemented for interfaces!
 -> (artifact id: '9dfbf744403a7c6d1e8ccfb5f7050b4c') in 0.014966 seconds 
========================================================================
Received Import Request.
  Time since last request: 0.000023 seconds.
  path: Assets/General Assets/2D Assets/Pixel Adventure 1/Assets/Traps/Spike Head/Right Hit (54x52).png
  artifactKey: Guid(75b1a2f7cb6173c4d826963a35f18512) Importer(2089858483,0ecaa5967403d082aa24f35e1b516d23)
Start importing Assets/General Assets/2D Assets/Pixel Adventure 1/Assets/Traps/Spike Head/Right Hit (54x52).png using Guid(75b1a2f7cb6173c4d826963a35f18512) Importer(2089858483,0ecaa5967403d082aa24f35e1b516d23) Generated GUIDs only implemented for interfaces!
 -> (artifact id: '138aaffe23632cafad616a93baba5b73') in 0.022665 seconds 
========================================================================
Received Import Request.
  Time since last request: 0.000012 seconds.
  path: Assets/General Assets/2D Assets/Pixel Adventure 1/Assets/Items/Boxes/Box1/Hit (28x24).png
  artifactKey: Guid(e3ec232265f6ad147aa2aa71472516d9) Importer(2089858483,0ecaa5967403d082aa24f35e1b516d23)
Start importing Assets/General Assets/2D Assets/Pixel Adventure 1/Assets/Items/Boxes/Box1/Hit (28x24).png using Guid(e3ec232265f6ad147aa2aa71472516d9) Importer(2089858483,0ecaa5967403d082aa24f35e1b516d23) Generated GUIDs only implemented for interfaces!
 -> (artifact id: '9822f698ce9926131eea317384c2de91') in 0.019654 seconds 
========================================================================
Received Import Request.
  Time since last request: 0.000019 seconds.
  path: Assets/General Assets/2D Assets/Pixel Adventure 1/Assets/Items/Checkpoints/Checkpoint/Checkpoint (Flag Out) (64x64).png
  artifactKey: Guid(32726eef68207514bbede9c6509379b5) Importer(2089858483,0ecaa5967403d082aa24f35e1b516d23)
Start importing Assets/General Assets/2D Assets/Pixel Adventure 1/Assets/Items/Checkpoints/Checkpoint/Checkpoint (Flag Out) (64x64).png using Guid(32726eef68207514bbede9c6509379b5) Importer(2089858483,0ecaa5967403d082aa24f35e1b516d23) Generated GUIDs only implemented for interfaces!
 -> (artifact id: '5f8cc885fc702cf9ab9db4ca2a367795') in 0.085498 seconds 
========================================================================
Received Import Request.
  Time since last request: 0.000019 seconds.
  path: Assets/General Assets/TextMesh Pro/Shaders/TMPro_Surface.cginc
  artifactKey: Guid(d930090c0cd643c7b55f19a38538c162) Importer(2089858483,0ecaa5967403d082aa24f35e1b516d23)
Start importing Assets/General Assets/TextMesh Pro/Shaders/TMPro_Surface.cginc using Guid(d930090c0cd643c7b55f19a38538c162) Importer(2089858483,0ecaa5967403d082aa24f35e1b516d23) Generated GUIDs only implemented for interfaces!
 -> (artifact id: '332af9352c6a8513361cab127b4964d8') in 0.009470 seconds 
========================================================================
Received Import Request.
  Time since last request: 0.000020 seconds.
  path: Assets/General Assets/TextMesh Pro/Fonts/LiberationSans.ttf
  artifactKey: Guid(e3265ab4bf004d28a9537516768c1c75) Importer(2089858483,0ecaa5967403d082aa24f35e1b516d23)
Start importing Assets/General Assets/TextMesh Pro/Fonts/LiberationSans.ttf using Guid(e3265ab4bf004d28a9537516768c1c75) Importer(2089858483,0ecaa5967403d082aa24f35e1b516d23) Generated GUIDs only implemented for interfaces!
 -> (artifact id: '8b4ad923af268843c8a76e8334e74919') in 0.846966 seconds 
========================================================================
Received Import Request.
  Time since last request: 0.000020 seconds.
  path: Assets/General Assets/2D Assets/Pixel Adventure 1/Assets/Traps/Trampoline/Idle.png
  artifactKey: Guid(82025043983216e4dbc6a6805bc1d02e) Importer(2089858483,0ecaa5967403d082aa24f35e1b516d23)
Start importing Assets/General Assets/2D Assets/Pixel Adventure 1/Assets/Traps/Trampoline/Idle.png using Guid(82025043983216e4dbc6a6805bc1d02e) Importer(2089858483,0ecaa5967403d082aa24f35e1b516d23) Generated GUIDs only implemented for interfaces!
 -> (artifact id: '9592e4803dd94c11e89f06be60fc427b') in 0.014053 seconds 
========================================================================
Received Import Request.
  Time since last request: 0.000020 seconds.
  path: Assets/General Assets/2D Assets/Pixel Adventure 1/Assets/Main Characters/Appearing (96x96).png
  artifactKey: Guid(3421078018dc3934a8c1ab3b7bf89aa0) Importer(2089858483,0ecaa5967403d082aa24f35e1b516d23)
Start importing Assets/General Assets/2D Assets/Pixel Adventure 1/Assets/Main Characters/Appearing (96x96).png using Guid(3421078018dc3934a8c1ab3b7bf89aa0) Importer(2089858483,0ecaa5967403d082aa24f35e1b516d23) Generated GUIDs only implemented for interfaces!
 -> (artifact id: 'bafa59865eb323a45aa8e3b8eed82cea') in 0.030183 seconds 
========================================================================
Received Import Request.
  Time since last request: 0.000014 seconds.
  path: Assets/General Assets/2D Assets/Pixel Adventure 1/Assets/Main Characters/Virtual Guy/Idle (32x32).png
  artifactKey: Guid(40de9a8703e2e5a47882b0b86451c741) Importer(2089858483,0ecaa5967403d082aa24f35e1b516d23)
Start importing Assets/General Assets/2D Assets/Pixel Adventure 1/Assets/Main Characters/Virtual Guy/Idle (32x32).png using Guid(40de9a8703e2e5a47882b0b86451c741) Importer(2089858483,0ecaa5967403d082aa24f35e1b516d23) Generated GUIDs only implemented for interfaces!
 -> (artifact id: '6a076698b353c35ef7344402bda4cdaf') in 0.033738 seconds 
========================================================================
Received Import Request.
  Time since last request: 0.000020 seconds.
  path: Assets/General Assets/2D Assets/2D Pixel art pack - Rousette/Art/bubble5.png
  artifactKey: Guid(a3e1fa1c98803b643b10852bfb891157) Importer(2089858483,0ecaa5967403d082aa24f35e1b516d23)
Start importing Assets/General Assets/2D Assets/2D Pixel art pack - Rousette/Art/bubble5.png using Guid(a3e1fa1c98803b643b10852bfb891157) Importer(2089858483,0ecaa5967403d082aa24f35e1b516d23) Generated GUIDs only implemented for interfaces!
 -> (artifact id: '79f78000ee1e214e128a0cbd06a9ed6e') in 0.018597 seconds 
========================================================================
Received Import Request.
  Time since last request: 0.000016 seconds.
  path: Assets/Week 2/Scenes - w2/LevelDesign.unity
  artifactKey: Guid(4140b303e3b474981a7455c70cfa9786) Importer(2089858483,0ecaa5967403d082aa24f35e1b516d23)
Start importing Assets/Week 2/Scenes - w2/LevelDesign.unity using Guid(4140b303e3b474981a7455c70cfa9786) Importer(2089858483,0ecaa5967403d082aa24f35e1b516d23) Generated GUIDs only implemented for interfaces!
 -> (artifact id: '0254382f3301b187587481428c62617a') in 0.006630 seconds 
========================================================================
Received Import Request.
  Time since last request: 0.000014 seconds.
  path: Assets/General Assets/2D Assets/Pixel Adventure 1/Assets/Main Characters/Virtual Guy/Fall (32x32).png
  artifactKey: Guid(5c8b2ada1a819a54e8c051165c738f18) Importer(2089858483,0ecaa5967403d082aa24f35e1b516d23)
Start importing Assets/General Assets/2D Assets/Pixel Adventure 1/Assets/Main Characters/Virtual Guy/Fall (32x32).png using Guid(5c8b2ada1a819a54e8c051165c738f18) Importer(2089858483,0ecaa5967403d082aa24f35e1b516d23) Generated GUIDs only implemented for interfaces!
 -> (artifact id: '2a96f1149aed608a64c28ada48826b25') in 0.014106 seconds 
========================================================================
Received Import Request.
  Time since last request: 0.000017 seconds.
  path: Assets/General Assets/2D Assets/Pixel Adventure 1/Assets/Items/Boxes/Box3/Idle.png
  artifactKey: Guid(bcb85d05bbdb8a2468fe865da75a2795) Importer(2089858483,0ecaa5967403d082aa24f35e1b516d23)
Start importing Assets/General Assets/2D Assets/Pixel Adventure 1/Assets/Items/Boxes/Box3/Idle.png using Guid(bcb85d05bbdb8a2468fe865da75a2795) Importer(2089858483,0ecaa5967403d082aa24f35e1b516d23) Generated GUIDs only implemented for interfaces!
 -> (artifact id: '28ce612092f3e5bf75d00a8facfbe1a1') in 0.013839 seconds 
========================================================================
Received Import Request.
  Time since last request: 0.000014 seconds.
  path: Assets/General Assets/2D Assets/Pixel Adventure 1/Assets/Traps/Blocks/HitTop (22x22).png
  artifactKey: Guid(cf4eb9361d321834693bc5dcefbb5c4f) Importer(2089858483,0ecaa5967403d082aa24f35e1b516d23)
Start importing Assets/General Assets/2D Assets/Pixel Adventure 1/Assets/Traps/Blocks/HitTop (22x22).png using Guid(cf4eb9361d321834693bc5dcefbb5c4f) Importer(2089858483,0ecaa5967403d082aa24f35e1b516d23) Generated GUIDs only implemented for interfaces!
 -> (artifact id: '4950153f647879976e3c54ed054859b3') in 0.021378 seconds 
========================================================================
Received Import Request.
  Time since last request: 0.000014 seconds.
  path: Assets/General Assets/2D Assets/Pixel Adventure 1/Assets/Traps/Platforms/Brown On (32x8).png
  artifactKey: Guid(e242b62e7e6caee439fa1d024a8fa5bb) Importer(2089858483,0ecaa5967403d082aa24f35e1b516d23)
Start importing Assets/General Assets/2D Assets/Pixel Adventure 1/Assets/Traps/Platforms/Brown On (32x8).png using Guid(e242b62e7e6caee439fa1d024a8fa5bb) Importer(2089858483,0ecaa5967403d082aa24f35e1b516d23) Generated GUIDs only implemented for interfaces!
 -> (artifact id: '789804c02f3dc756eea1d24f7f1bab1d') in 0.027858 seconds 
========================================================================
Received Import Request.
  Time since last request: 0.000012 seconds.
  path: Assets/General Assets/2D Assets/Pixel Adventure 1/Assets/Items/Fruits/Pineapple.png
  artifactKey: Guid(131e485692e27e84c86170dad18cda85) Importer(2089858483,0ecaa5967403d082aa24f35e1b516d23)
Start importing Assets/General Assets/2D Assets/Pixel Adventure 1/Assets/Items/Fruits/Pineapple.png using Guid(131e485692e27e84c86170dad18cda85) Importer(2089858483,0ecaa5967403d082aa24f35e1b516d23) Generated GUIDs only implemented for interfaces!
 -> (artifact id: '04d62a7fb70aad016b44bc1455342222') in 0.056735 seconds 
========================================================================
Received Import Request.
  Time since last request: 0.000016 seconds.
  path: Assets/General Assets/2D Assets/Pixel Adventure 1/Assets/Main Characters/Ninja Frog/Wall Jump (32x32).png
  artifactKey: Guid(3b332af1e6c55e94f8e5eb08fb4ab06b) Importer(2089858483,0ecaa5967403d082aa24f35e1b516d23)
Start importing Assets/General Assets/2D Assets/Pixel Adventure 1/Assets/Main Characters/Ninja Frog/Wall Jump (32x32).png using Guid(3b332af1e6c55e94f8e5eb08fb4ab06b) Importer(2089858483,0ecaa5967403d082aa24f35e1b516d23) Generated GUIDs only implemented for interfaces!
 -> (artifact id: '57a8b218e56e95bf279cac5099b172f6') in 0.021757 seconds 
========================================================================
Received Import Request.
  Time since last request: 0.000021 seconds.
  path: Assets/General Assets/2D Assets/Pixel Adventure 1/Assets/Main Characters/Pink Man/Jump (32x32).png
  artifactKey: Guid(edbf2f282f3feb940b6238d4d339ada4) Importer(2089858483,0ecaa5967403d082aa24f35e1b516d23)
Start importing Assets/General Assets/2D Assets/Pixel Adventure 1/Assets/Main Characters/Pink Man/Jump (32x32).png using Guid(edbf2f282f3feb940b6238d4d339ada4) Importer(2089858483,0ecaa5967403d082aa24f35e1b516d23) Generated GUIDs only implemented for interfaces!
 -> (artifact id: '98b1b04eed40f74622bc5a3dd9b53750') in 0.014416 seconds 
========================================================================
Received Import Request.
  Time since last request: 0.000017 seconds.
  path: Assets/General Assets/2D Assets/Pixel Adventure 1/Assets/Main Characters/Pink Man/Fall (32x32).png
  artifactKey: Guid(1a6feec238b9a99499082bb755fa32df) Importer(2089858483,0ecaa5967403d082aa24f35e1b516d23)
Start importing Assets/General Assets/2D Assets/Pixel Adventure 1/Assets/Main Characters/Pink Man/Fall (32x32).png using Guid(1a6feec238b9a99499082bb755fa32df) Importer(2089858483,0ecaa5967403d082aa24f35e1b516d23) Generated GUIDs only implemented for interfaces!
 -> (artifact id: 'ff409be4628f057a685bcfa9819aca35') in 0.016964 seconds 
========================================================================
Received Import Request.
  Time since last request: 0.000012 seconds.
  path: Assets/General Assets/2D Assets/Pixel Adventure 1/Assets/Main Characters/Mask Dude/Hit (32x32).png
  artifactKey: Guid(b234dd527243d1042a19b2cf7ef17cd7) Importer(2089858483,0ecaa5967403d082aa24f35e1b516d23)
Start importing Assets/General Assets/2D Assets/Pixel Adventure 1/Assets/Main Characters/Mask Dude/Hit (32x32).png using Guid(b234dd527243d1042a19b2cf7ef17cd7) Importer(2089858483,0ecaa5967403d082aa24f35e1b516d23) Generated GUIDs only implemented for interfaces!
 -> (artifact id: '50fa82c9dc8f01ae9f9f52d7f0ca950e') in 0.042431 seconds 
========================================================================
Received Import Request.
  Time since last request: 0.000013 seconds.
  path: Assets/General Assets/2D Assets/Pixel Adventure 1/Assets/Traps/Spike Head/Idle.png
  artifactKey: Guid(1508ab85aab80754fb0213cd79267961) Importer(2089858483,0ecaa5967403d082aa24f35e1b516d23)
Start importing Assets/General Assets/2D Assets/Pixel Adventure 1/Assets/Traps/Spike Head/Idle.png using Guid(1508ab85aab80754fb0213cd79267961) Importer(2089858483,0ecaa5967403d082aa24f35e1b516d23) Generated GUIDs only implemented for interfaces!
 -> (artifact id: '6b4ee1230d3f8a07c08ce3403830ce88') in 0.038761 seconds 
========================================================================
Received Import Request.
  Time since last request: 0.000012 seconds.
  path: Assets/General Assets/TextMesh Pro/Shaders/TMP_SDF-Surface.shader
  artifactKey: Guid(f7ada0af4f174f0694ca6a487b8f543d) Importer(2089858483,0ecaa5967403d082aa24f35e1b516d23)
Start importing Assets/General Assets/TextMesh Pro/Shaders/TMP_SDF-Surface.shader using Guid(f7ada0af4f174f0694ca6a487b8f543d) Importer(2089858483,0ecaa5967403d082aa24f35e1b516d23) Generated GUIDs only implemented for interfaces!
 -> (artifact id: '67231fa3af4e68a8716308eb0535d032') in 0.015189 seconds 
========================================================================
Received Import Request.
  Time since last request: 0.000014 seconds.
  path: Assets/General Assets/2D Assets/Pixel Adventure 1/Assets/Items/Fruits/Bananas.png
  artifactKey: Guid(b1f24b3bc2e2f1d4b858657ad5c115a0) Importer(2089858483,0ecaa5967403d082aa24f35e1b516d23)
Start importing Assets/General Assets/2D Assets/Pixel Adventure 1/Assets/Items/Fruits/Bananas.png using Guid(b1f24b3bc2e2f1d4b858657ad5c115a0) Importer(2089858483,0ecaa5967403d082aa24f35e1b516d23) Generated GUIDs only implemented for interfaces!
 -> (artifact id: 'bede40d8985f5f99ebda3b12981ca3d4') in 0.056145 seconds 
========================================================================
Received Import Request.
  Time since last request: 0.000016 seconds.
  path: Assets/General Assets/TextMesh Pro/Shaders/TMPro_Properties.cginc
  artifactKey: Guid(3997e2241185407d80309a82f9148466) Importer(2089858483,0ecaa5967403d082aa24f35e1b516d23)
Start importing Assets/General Assets/TextMesh Pro/Shaders/TMPro_Properties.cginc using Guid(3997e2241185407d80309a82f9148466) Importer(2089858483,0ecaa5967403d082aa24f35e1b516d23) Generated GUIDs only implemented for interfaces!
 -> (artifact id: '3cbf44b708e039d26aaa28dc513f8766') in 0.045830 seconds 
========================================================================
Received Import Request.
  Time since last request: 0.000021 seconds.
  path: Assets/General Assets/2D Assets/Pixel Adventure 1/Assets/Traps/Arrow/Idle (18x18).png
  artifactKey: Guid(f42176bbc0b84b54e83c161abc6eb071) Importer(2089858483,0ecaa5967403d082aa24f35e1b516d23)
Start importing Assets/General Assets/2D Assets/Pixel Adventure 1/Assets/Traps/Arrow/Idle (18x18).png using Guid(f42176bbc0b84b54e83c161abc6eb071) Importer(2089858483,0ecaa5967403d082aa24f35e1b516d23) Generated GUIDs only implemented for interfaces!
 -> (artifact id: '1b7999358b270317e7e26b88f36b42f4') in 0.033639 seconds 
========================================================================
Received Import Request.
  Time since last request: 0.000020 seconds.
  path: Assets/General Assets/2D Assets/Pixel Adventure 1/Assets/Items/Boxes/Box2/Hit (28x24).png
  artifactKey: Guid(666cdca5ea5798c4c83a4ef4b87d64c4) Importer(2089858483,0ecaa5967403d082aa24f35e1b516d23)
Start importing Assets/General Assets/2D Assets/Pixel Adventure 1/Assets/Items/Boxes/Box2/Hit (28x24).png using Guid(666cdca5ea5798c4c83a4ef4b87d64c4) Importer(2089858483,0ecaa5967403d082aa24f35e1b516d23) Generated GUIDs only implemented for interfaces!
 -> (artifact id: '006b5d7183530ff96f39cf7c05e816b2') in 0.022355 seconds 
========================================================================
Received Import Request.
  Time since last request: 0.000014 seconds.
  path: Assets/General Assets/TextMesh Pro/Shaders/TMP_SDF.shader
  artifactKey: Guid(68e6db2ebdc24f95958faec2be5558d6) Importer(2089858483,0ecaa5967403d082aa24f35e1b516d23)
Start importing Assets/General Assets/TextMesh Pro/Shaders/TMP_SDF.shader using Guid(68e6db2ebdc24f95958faec2be5558d6) Importer(2089858483,0ecaa5967403d082aa24f35e1b516d23) Generated GUIDs only implemented for interfaces!
 -> (artifact id: '90c6f54099d0a088b2b1e23e6b3b44a6') in 0.010446 seconds 
========================================================================
Received Import Request.
  Time since last request: 0.000013 seconds.
  path: Assets/General Assets/2D Assets/Pixel Adventure 1/Assets/Traps/Saw/Chain.png
  artifactKey: Guid(c67ce4f5bcebc8943a10698b6614f86f) Importer(2089858483,0ecaa5967403d082aa24f35e1b516d23)
Start importing Assets/General Assets/2D Assets/Pixel Adventure 1/Assets/Traps/Saw/Chain.png using Guid(c67ce4f5bcebc8943a10698b6614f86f) Importer(2089858483,0ecaa5967403d082aa24f35e1b516d23) Generated GUIDs only implemented for interfaces!
 -> (artifact id: 'df089b7b0cdf3ac5b4863f8ce413aa28') in 0.014319 seconds 
========================================================================
Received Import Request.
  Time since last request: 0.000013 seconds.
  path: Assets/General Assets/2D Assets/Pixel Adventure 1/Assets/Main Characters/Virtual Guy/Wall Jump (32x32).png
  artifactKey: Guid(5a448cc07b6e09343924bf933b0cb70e) Importer(2089858483,0ecaa5967403d082aa24f35e1b516d23)
Start importing Assets/General Assets/2D Assets/Pixel Adventure 1/Assets/Main Characters/Virtual Guy/Wall Jump (32x32).png using Guid(5a448cc07b6e09343924bf933b0cb70e) Importer(2089858483,0ecaa5967403d082aa24f35e1b516d23) Generated GUIDs only implemented for interfaces!
 -> (artifact id: 'cad506e36cf7cf40a574362e307d996c') in 0.021491 seconds 
========================================================================
Received Import Request.
  Time since last request: 0.000013 seconds.
  path: Assets/General Assets/2D Assets/Pixel Adventure 1/Assets/Items/Fruits/Collected.png
  artifactKey: Guid(be1a5bd13766ec048bab6f4c578baa0f) Importer(2089858483,0ecaa5967403d082aa24f35e1b516d23)
Start importing Assets/General Assets/2D Assets/Pixel Adventure 1/Assets/Items/Fruits/Collected.png using Guid(be1a5bd13766ec048bab6f4c578baa0f) Importer(2089858483,0ecaa5967403d082aa24f35e1b516d23) Generated GUIDs only implemented for interfaces!
 -> (artifact id: 'c2cb301049b30e6a696688f833e25dac') in 0.024647 seconds 
========================================================================
Received Import Request.
  Time since last request: 0.000013 seconds.
  path: Assets/General Assets/2D Assets/Pixel Adventure 1/Assets/Traps/Rock Head/Blink (42x42).png
  artifactKey: Guid(e3e6b3d6c57dc7b488e7d1e8be902988) Importer(2089858483,0ecaa5967403d082aa24f35e1b516d23)
Start importing Assets/General Assets/2D Assets/Pixel Adventure 1/Assets/Traps/Rock Head/Blink (42x42).png using Guid(e3e6b3d6c57dc7b488e7d1e8be902988) Importer(2089858483,0ecaa5967403d082aa24f35e1b516d23) Generated GUIDs only implemented for interfaces!
 -> (artifact id: 'dbb2c9b893dbf6ec58c76b0e8d918733') in 0.020585 seconds 
========================================================================
Received Import Request.
  Time since last request: 0.000014 seconds.
  path: Assets/General Assets/2D Assets/Pixel Adventure 1/Assets/Traps/Spike Head/Bottom Hit (54x52).png
  artifactKey: Guid(d2223d6a7816d474b83187392732daf6) Importer(2089858483,0ecaa5967403d082aa24f35e1b516d23)
Start importing Assets/General Assets/2D Assets/Pixel Adventure 1/Assets/Traps/Spike Head/Bottom Hit (54x52).png using Guid(d2223d6a7816d474b83187392732daf6) Importer(2089858483,0ecaa5967403d082aa24f35e1b516d23) Generated GUIDs only implemented for interfaces!
 -> (artifact id: '2ed08f525ecbdea0e7594254a7172d11') in 0.031823 seconds 
========================================================================
Received Import Request.
  Time since last request: 0.000016 seconds.
  path: Assets/Week 3/Scenes - w3/SoundEffects.unity
  artifactKey: Guid(12ce8a72de35e431f944c0bfa8c338e6) Importer(2089858483,0ecaa5967403d082aa24f35e1b516d23)
Start importing Assets/Week 3/Scenes - w3/SoundEffects.unity using Guid(12ce8a72de35e431f944c0bfa8c338e6) Importer(2089858483,0ecaa5967403d082aa24f35e1b516d23) Generated GUIDs only implemented for interfaces!
 -> (artifact id: '02fde6b3f512d395c2e8e97628a7430c') in 0.007109 seconds 
========================================================================
Received Import Request.
  Time since last request: 0.000028 seconds.
  path: Assets/Week 1/Scripts - w1/HelloWorld.cs
  artifactKey: Guid(1593087b07b1641dfb95ddcd02ee531d) Importer(2089858483,0ecaa5967403d082aa24f35e1b516d23)
Start importing Assets/Week 1/Scripts - w1/HelloWorld.cs using Guid(1593087b07b1641dfb95ddcd02ee531d) Importer(2089858483,0ecaa5967403d082aa24f35e1b516d23) Generated GUIDs only implemented for interfaces!
 -> (artifact id: '5365664551ff478a85354577a562083f') in 0.008508 seconds 
========================================================================
Received Prepare
Refreshing native plugins compatible for Editor in 5.42 ms, found 4 plugins.
Preloading 0 native plugins for Editor in 0.00 ms.
Unloading 25 Unused Serialized files (Serialized files now loaded: 0)
Unloading 25 unused Assets / (21.9 KB). Loaded Objects now: 4655.
Memory consumption went from 78.3 MB to 78.3 MB.
Total: 4.110900 ms (FindLiveObjects: 0.239000 ms CreateObjectMapping: 0.153700 ms MarkObjects: 3.705900 ms  DeleteObjects: 0.011900 ms)

AssetImportParameters requested are different than current active one (requested -> active):
  custom:video-decoder-ogg-theora: a1e56fd34408186e4bbccfd4996cb3dc -> 
  custom:container-muxer-webm: aa71ff27fc2769a1b78a27578f13a17b -> 
  custom:container-demuxer-webm: 4f35f7cbe854078d1ac9338744f61a02 -> 
  custom:video-encoder-webm-vp8: eb34c28f22e8b96e1ab97ce403110664 -> 
  custom:audio-encoder-webm-vorbis: bf7c407c2cedff20999df2af8eb42d56 -> 
  custom:framework-win-MediaFoundation: 216162199b28c13a410421893ffa2e32 -> 
  custom:SearchIndexIgnoredProperties: e643bd26f0fe6173181afceb89e7c659 -> 
  custom:container-demuxer-ogg: 62fdf1f143b41e24485cea50d1cbac27 -> 
  custom:video-decoder-webm-vp8: 9c59270c3fd7afecdb556c50c9e8de78 -> 
  custom:audio-decoder-ogg-vorbis: bf7c407c2cedff20999df2af8eb42d56 -> 
========================================================================
Received Import Request.
  Time since last request: 324.398995 seconds.
  path: Assets/General Assets/2D Assets/Tilemaps/Terrain Palette.prefab
  artifactKey: Guid(209241e570cf7ad41ab78a3c842758bf) Importer(2089858483,0ecaa5967403d082aa24f35e1b516d23)
Start importing Assets/General Assets/2D Assets/Tilemaps/Terrain Palette.prefab using Guid(209241e570cf7ad41ab78a3c842758bf) Importer(2089858483,0ecaa5967403d082aa24f35e1b516d23) Generated GUIDs only implemented for interfaces!
 -> (artifact id: '3576a81719dc1e33c6b2acd2f2c40890') in 0.037500 seconds 
========================================================================
Received Import Request.
  Time since last request: 60.934397 seconds.
  path: Assets/General Assets/2D Assets/Tilemaps/Terrain (16x16)_1.asset
  artifactKey: Guid(881fbef93d101674ab53bbf5a8d443ca) Importer(2089858483,0ecaa5967403d082aa24f35e1b516d23)
Start importing Assets/General Assets/2D Assets/Tilemaps/Terrain (16x16)_1.asset using Guid(881fbef93d101674ab53bbf5a8d443ca) Importer(2089858483,0ecaa5967403d082aa24f35e1b516d23) Generated GUIDs only implemented for interfaces!
 -> (artifact id: '1f70f9d40ef112ed7b470867c5178009') in 0.014225 seconds 
========================================================================
Received Import Request.
  Time since last request: 0.003417 seconds.
  path: Assets/General Assets/2D Assets/Tilemaps/Terrain (16x16)_2.asset
  artifactKey: Guid(6466b829638fa2f43adf08e6515e1358) Importer(2089858483,0ecaa5967403d082aa24f35e1b516d23)
Start importing Assets/General Assets/2D Assets/Tilemaps/Terrain (16x16)_2.asset using Guid(6466b829638fa2f43adf08e6515e1358) Importer(2089858483,0ecaa5967403d082aa24f35e1b516d23) Generated GUIDs only implemented for interfaces!
 -> (artifact id: 'f5cfee8077626b3ada6a5c11e89b9f36') in 0.012810 seconds 
========================================================================
Received Import Request.
  Time since last request: 0.000022 seconds.
  path: Assets/General Assets/2D Assets/Tilemaps/Terrain (16x16)_63.asset
  artifactKey: Guid(6b9b1b27ae82262449d306e8e129c1c8) Importer(2089858483,0ecaa5967403d082aa24f35e1b516d23)
Start importing Assets/General Assets/2D Assets/Tilemaps/Terrain (16x16)_63.asset using Guid(6b9b1b27ae82262449d306e8e129c1c8) Importer(2089858483,0ecaa5967403d082aa24f35e1b516d23) Generated GUIDs only implemented for interfaces!
 -> (artifact id: '4ea37aa17a4c2d001b880a7bb75b37dc') in 0.013030 seconds 
========================================================================
Received Import Request.
  Time since last request: 0.000044 seconds.
  path: Assets/General Assets/2D Assets/Tilemaps/Terrain (16x16)_74.asset
  artifactKey: Guid(c38fd4686ea73654698309ccdc493d7d) Importer(2089858483,0ecaa5967403d082aa24f35e1b516d23)
Start importing Assets/General Assets/2D Assets/Tilemaps/Terrain (16x16)_74.asset using Guid(c38fd4686ea73654698309ccdc493d7d) Importer(2089858483,0ecaa5967403d082aa24f35e1b516d23) Generated GUIDs only implemented for interfaces!
 -> (artifact id: '2c5a995399ad56c61443da2074546588') in 0.011415 seconds 
========================================================================
Received Import Request.
  Time since last request: 0.000028 seconds.
  path: Assets/General Assets/2D Assets/Tilemaps/Terrain (16x16)_48.asset
  artifactKey: Guid(25f5e4e259a23fb4cbe3f7227bf12993) Importer(2089858483,0ecaa5967403d082aa24f35e1b516d23)
Start importing Assets/General Assets/2D Assets/Tilemaps/Terrain (16x16)_48.asset using Guid(25f5e4e259a23fb4cbe3f7227bf12993) Importer(2089858483,0ecaa5967403d082aa24f35e1b516d23) Generated GUIDs only implemented for interfaces!
 -> (artifact id: '97ea1705a23dda05107d5b11e80c6d1d') in 0.012165 seconds 
========================================================================
Received Import Request.
  Time since last request: 0.000031 seconds.
  path: Assets/General Assets/2D Assets/Tilemaps/Terrain (16x16)_29.asset
  artifactKey: Guid(3d8130416d0239c4d9348cd4db29a93a) Importer(2089858483,0ecaa5967403d082aa24f35e1b516d23)
Start importing Assets/General Assets/2D Assets/Tilemaps/Terrain (16x16)_29.asset using Guid(3d8130416d0239c4d9348cd4db29a93a) Importer(2089858483,0ecaa5967403d082aa24f35e1b516d23) Generated GUIDs only implemented for interfaces!
 -> (artifact id: '5c476ae680d8c6db1e8474933111928e') in 0.008744 seconds 
========================================================================
Received Import Request.
  Time since last request: 0.000019 seconds.
  path: Assets/General Assets/2D Assets/Tilemaps/Terrain (16x16)_49.asset
  artifactKey: Guid(2c6c2ee2689d0774ea5e247788fb9b60) Importer(2089858483,0ecaa5967403d082aa24f35e1b516d23)
Start importing Assets/General Assets/2D Assets/Tilemaps/Terrain (16x16)_49.asset using Guid(2c6c2ee2689d0774ea5e247788fb9b60) Importer(2089858483,0ecaa5967403d082aa24f35e1b516d23) Generated GUIDs only implemented for interfaces!
 -> (artifact id: '8d6d67696d470437436f049983caf422') in 0.010873 seconds 
========================================================================
Received Import Request.
  Time since last request: 0.000026 seconds.
  path: Assets/General Assets/2D Assets/Tilemaps/Terrain (16x16)_94.asset
  artifactKey: Guid(074cb571d2a401741851d94a41eb7eb6) Importer(2089858483,0ecaa5967403d082aa24f35e1b516d23)
Start importing Assets/General Assets/2D Assets/Tilemaps/Terrain (16x16)_94.asset using Guid(074cb571d2a401741851d94a41eb7eb6) Importer(2089858483,0ecaa5967403d082aa24f35e1b516d23) Generated GUIDs only implemented for interfaces!
 -> (artifact id: '5eed6de21bcb4dde2c4f155c7bcef4b4') in 0.010369 seconds 
========================================================================
Received Import Request.
  Time since last request: 0.000019 seconds.
  path: Assets/General Assets/2D Assets/Tilemaps/Terrain (16x16)_18.asset
  artifactKey: Guid(3a45941b5304c484583652f3552e07c4) Importer(2089858483,0ecaa5967403d082aa24f35e1b516d23)
Start importing Assets/General Assets/2D Assets/Tilemaps/Terrain (16x16)_18.asset using Guid(3a45941b5304c484583652f3552e07c4) Importer(2089858483,0ecaa5967403d082aa24f35e1b516d23) Generated GUIDs only implemented for interfaces!
 -> (artifact id: '15878ec83b49559eed4621555a21c52e') in 0.011715 seconds 
========================================================================
Received Import Request.
  Time since last request: 0.000022 seconds.
  path: Assets/General Assets/2D Assets/Tilemaps/Terrain (16x16)_71.asset
  artifactKey: Guid(2924df9aca0caac429ee9e144a864cfd) Importer(2089858483,0ecaa5967403d082aa24f35e1b516d23)
Start importing Assets/General Assets/2D Assets/Tilemaps/Terrain (16x16)_71.asset using Guid(2924df9aca0caac429ee9e144a864cfd) Importer(2089858483,0ecaa5967403d082aa24f35e1b516d23) Generated GUIDs only implemented for interfaces!
 -> (artifact id: 'c8cc267b18dea6e1e896cb96162505cb') in 0.012089 seconds 
========================================================================
Received Import Request.
  Time since last request: 0.000044 seconds.
  path: Assets/General Assets/2D Assets/Tilemaps/Terrain (16x16)_54.asset
  artifactKey: Guid(a18ddb84f67132a47bb269898985ab7c) Importer(2089858483,0ecaa5967403d082aa24f35e1b516d23)
Start importing Assets/General Assets/2D Assets/Tilemaps/Terrain (16x16)_54.asset using Guid(a18ddb84f67132a47bb269898985ab7c) Importer(2089858483,0ecaa5967403d082aa24f35e1b516d23) Generated GUIDs only implemented for interfaces!
 -> (artifact id: '5fe714038514211042899868fb166459') in 0.014416 seconds 
========================================================================
Received Import Request.
  Time since last request: 0.000020 seconds.
  path: Assets/General Assets/2D Assets/Tilemaps/Terrain (16x16)_43.asset
  artifactKey: Guid(d180f10c50c07144688453f476eb658a) Importer(2089858483,0ecaa5967403d082aa24f35e1b516d23)
Start importing Assets/General Assets/2D Assets/Tilemaps/Terrain (16x16)_43.asset using Guid(d180f10c50c07144688453f476eb658a) Importer(2089858483,0ecaa5967403d082aa24f35e1b516d23) Generated GUIDs only implemented for interfaces!
 -> (artifact id: 'ce06ff1be40abad1809eae7a1d4c6796') in 0.011149 seconds 
========================================================================
Received Import Request.
  Time since last request: 0.000022 seconds.
  path: Assets/General Assets/2D Assets/Tilemaps/Terrain (16x16)_89.asset
  artifactKey: Guid(26de4372ee96017419373409b45cdd75) Importer(2089858483,0ecaa5967403d082aa24f35e1b516d23)
Start importing Assets/General Assets/2D Assets/Tilemaps/Terrain (16x16)_89.asset using Guid(26de4372ee96017419373409b45cdd75) Importer(2089858483,0ecaa5967403d082aa24f35e1b516d23) Generated GUIDs only implemented for interfaces!
 -> (artifact id: 'e01f91a0641755a73ee8df082aa85d18') in 0.008686 seconds 
========================================================================
Received Import Request.
  Time since last request: 0.000022 seconds.
  path: Assets/General Assets/2D Assets/Tilemaps/Terrain (16x16)_97.asset
  artifactKey: Guid(538aa0dd7a6ef8741bc3c343527ff781) Importer(2089858483,0ecaa5967403d082aa24f35e1b516d23)
Start importing Assets/General Assets/2D Assets/Tilemaps/Terrain (16x16)_97.asset using Guid(538aa0dd7a6ef8741bc3c343527ff781) Importer(2089858483,0ecaa5967403d082aa24f35e1b516d23) Generated GUIDs only implemented for interfaces!
 -> (artifact id: 'dcdb64e06570deff88905986b58a81ef') in 0.008481 seconds 
========================================================================
Received Import Request.
  Time since last request: 0.000021 seconds.
  path: Assets/General Assets/2D Assets/Tilemaps/Terrain (16x16)_61.asset
  artifactKey: Guid(a4024d77a1da3ae429a89d4275e12e92) Importer(2089858483,0ecaa5967403d082aa24f35e1b516d23)
Start importing Assets/General Assets/2D Assets/Tilemaps/Terrain (16x16)_61.asset using Guid(a4024d77a1da3ae429a89d4275e12e92) Importer(2089858483,0ecaa5967403d082aa24f35e1b516d23) Generated GUIDs only implemented for interfaces!
 -> (artifact id: '29d4641a4092002ba04cd2adc87ff7c6') in 0.011809 seconds 
========================================================================
Received Import Request.
  Time since last request: 0.000022 seconds.
  path: Assets/General Assets/2D Assets/Tilemaps/Terrain (16x16)_21.asset
  artifactKey: Guid(a49d6df5f91bd8046997854d91aa1fae) Importer(2089858483,0ecaa5967403d082aa24f35e1b516d23)
Start importing Assets/General Assets/2D Assets/Tilemaps/Terrain (16x16)_21.asset using Guid(a49d6df5f91bd8046997854d91aa1fae) Importer(2089858483,0ecaa5967403d082aa24f35e1b516d23) Generated GUIDs only implemented for interfaces!
 -> (artifact id: 'cab3100223c35fb6a07e3dd54cb9353b') in 0.009472 seconds 
========================================================================
Received Import Request.
  Time since last request: 0.000018 seconds.
  path: Assets/General Assets/2D Assets/Tilemaps/Terrain (16x16)_72.asset
  artifactKey: Guid(d75ceb193f926ae45a3efda32540fab1) Importer(2089858483,0ecaa5967403d082aa24f35e1b516d23)
Start importing Assets/General Assets/2D Assets/Tilemaps/Terrain (16x16)_72.asset using Guid(d75ceb193f926ae45a3efda32540fab1) Importer(2089858483,0ecaa5967403d082aa24f35e1b516d23) Generated GUIDs only implemented for interfaces!
 -> (artifact id: '30290044f7c1449e99f7cedc9be3ffea') in 0.009078 seconds 
========================================================================
Received Import Request.
  Time since last request: 0.000037 seconds.
  path: Assets/General Assets/2D Assets/Tilemaps/Terrain (16x16)_75.asset
  artifactKey: Guid(7189a71c3ccb9d34181b0bad09ccc47c) Importer(2089858483,0ecaa5967403d082aa24f35e1b516d23)
Start importing Assets/General Assets/2D Assets/Tilemaps/Terrain (16x16)_75.asset using Guid(7189a71c3ccb9d34181b0bad09ccc47c) Importer(2089858483,0ecaa5967403d082aa24f35e1b516d23) Generated GUIDs only implemented for interfaces!
 -> (artifact id: 'f45d7c4bdddb8ee7029e392265af19cb') in 0.013107 seconds 
========================================================================
Received Import Request.
  Time since last request: 0.000034 seconds.
  path: Assets/General Assets/2D Assets/Tilemaps/Terrain (16x16)_81.asset
  artifactKey: Guid(8bac6e8ad8f51be49bf465b0e843f257) Importer(2089858483,0ecaa5967403d082aa24f35e1b516d23)
Start importing Assets/General Assets/2D Assets/Tilemaps/Terrain (16x16)_81.asset using Guid(8bac6e8ad8f51be49bf465b0e843f257) Importer(2089858483,0ecaa5967403d082aa24f35e1b516d23) Generated GUIDs only implemented for interfaces!
 -> (artifact id: 'ad498b11548be125bf94477c42bb910c') in 0.011461 seconds 
========================================================================
Received Import Request.
  Time since last request: 0.000090 seconds.
  path: Assets/General Assets/2D Assets/Tilemaps/Terrain (16x16)_20.asset
  artifactKey: Guid(c650f76865e0dd943a748e6988315a0d) Importer(2089858483,0ecaa5967403d082aa24f35e1b516d23)
Start importing Assets/General Assets/2D Assets/Tilemaps/Terrain (16x16)_20.asset using Guid(c650f76865e0dd943a748e6988315a0d) Importer(2089858483,0ecaa5967403d082aa24f35e1b516d23) Generated GUIDs only implemented for interfaces!
 -> (artifact id: '72d2f7604d6a3fd0efbe946652eece80') in 0.010477 seconds 
========================================================================
Received Import Request.
  Time since last request: 0.000015 seconds.
  path: Assets/General Assets/2D Assets/Tilemaps/Terrain (16x16)_16.asset
  artifactKey: Guid(3e641cc8a0e8cfa42ae41365c978a5b1) Importer(2089858483,0ecaa5967403d082aa24f35e1b516d23)
Start importing Assets/General Assets/2D Assets/Tilemaps/Terrain (16x16)_16.asset using Guid(3e641cc8a0e8cfa42ae41365c978a5b1) Importer(2089858483,0ecaa5967403d082aa24f35e1b516d23) Generated GUIDs only implemented for interfaces!
 -> (artifact id: '94a4adc781cbf4fc299ff0031ab8ef96') in 0.009718 seconds 
========================================================================
Received Import Request.
  Time since last request: 0.000027 seconds.
  path: Assets/General Assets/2D Assets/Tilemaps/Terrain (16x16)_82.asset
  artifactKey: Guid(5864240334b728a4498abe9e3555506a) Importer(2089858483,0ecaa5967403d082aa24f35e1b516d23)
Start importing Assets/General Assets/2D Assets/Tilemaps/Terrain (16x16)_82.asset using Guid(5864240334b728a4498abe9e3555506a) Importer(2089858483,0ecaa5967403d082aa24f35e1b516d23) Generated GUIDs only implemented for interfaces!
 -> (artifact id: 'a46ab2b17e8d71f7be6b952388b48586') in 0.011893 seconds 
========================================================================
Received Import Request.
  Time since last request: 0.000022 seconds.
  path: Assets/General Assets/2D Assets/Tilemaps/Terrain (16x16)_95.asset
  artifactKey: Guid(832e3acc7f5322f4498fca0a88357fc4) Importer(2089858483,0ecaa5967403d082aa24f35e1b516d23)
Start importing Assets/General Assets/2D Assets/Tilemaps/Terrain (16x16)_95.asset using Guid(832e3acc7f5322f4498fca0a88357fc4) Importer(2089858483,0ecaa5967403d082aa24f35e1b516d23) Generated GUIDs only implemented for interfaces!
 -> (artifact id: '9776e6eb44e5b68f5108fd7659285e59') in 0.011674 seconds 
========================================================================
Received Import Request.
  Time since last request: 0.000020 seconds.
  path: Assets/General Assets/2D Assets/Tilemaps/Terrain (16x16)_68.asset
  artifactKey: Guid(5ac9ba08982bc0f419bd53b856ee3ba1) Importer(2089858483,0ecaa5967403d082aa24f35e1b516d23)
Start importing Assets/General Assets/2D Assets/Tilemaps/Terrain (16x16)_68.asset using Guid(5ac9ba08982bc0f419bd53b856ee3ba1) Importer(2089858483,0ecaa5967403d082aa24f35e1b516d23) Generated GUIDs only implemented for interfaces!
 -> (artifact id: 'fff3c6681a2a1da287a33d2fc71d9dbf') in 0.009631 seconds 
========================================================================
Received Import Request.
  Time since last request: 0.000015 seconds.
  path: Assets/General Assets/2D Assets/Tilemaps/Terrain (16x16)_28.asset
  artifactKey: Guid(9edf5ca239c43014fa7116a87e216375) Importer(2089858483,0ecaa5967403d082aa24f35e1b516d23)
Start importing Assets/General Assets/2D Assets/Tilemaps/Terrain (16x16)_28.asset using Guid(9edf5ca239c43014fa7116a87e216375) Importer(2089858483,0ecaa5967403d082aa24f35e1b516d23) Generated GUIDs only implemented for interfaces!
 -> (artifact id: '8eff1c60c59cb0338963c024adc029c7') in 0.010657 seconds 
========================================================================
Received Import Request.
  Time since last request: 0.000018 seconds.
  path: Assets/General Assets/2D Assets/Tilemaps/Terrain (16x16)_77.asset
  artifactKey: Guid(3954e0b5a80672f49abfaee13cd40d29) Importer(2089858483,0ecaa5967403d082aa24f35e1b516d23)
Start importing Assets/General Assets/2D Assets/Tilemaps/Terrain (16x16)_77.asset using Guid(3954e0b5a80672f49abfaee13cd40d29) Importer(2089858483,0ecaa5967403d082aa24f35e1b516d23) Generated GUIDs only implemented for interfaces!
 -> (artifact id: '89b775ba302496f3e689b49ab2212f36') in 0.010058 seconds 
========================================================================
Received Import Request.
  Time since last request: 0.000022 seconds.
  path: Assets/General Assets/2D Assets/Tilemaps/Terrain (16x16)_69.asset
  artifactKey: Guid(fc312f742d7a4724385285ec24811f59) Importer(2089858483,0ecaa5967403d082aa24f35e1b516d23)
Start importing Assets/General Assets/2D Assets/Tilemaps/Terrain (16x16)_69.asset using Guid(fc312f742d7a4724385285ec24811f59) Importer(2089858483,0ecaa5967403d082aa24f35e1b516d23) Generated GUIDs only implemented for interfaces!
 -> (artifact id: 'ae7a71ab5cd3f208c683655c71564738') in 0.011274 seconds 
========================================================================
Received Import Request.
  Time since last request: 0.000015 seconds.
  path: Assets/General Assets/2D Assets/Tilemaps/Terrain (16x16)_34.asset
  artifactKey: Guid(894f36b5f91c7fb4bab1ec061b8943c1) Importer(2089858483,0ecaa5967403d082aa24f35e1b516d23)
Start importing Assets/General Assets/2D Assets/Tilemaps/Terrain (16x16)_34.asset using Guid(894f36b5f91c7fb4bab1ec061b8943c1) Importer(2089858483,0ecaa5967403d082aa24f35e1b516d23) Generated GUIDs only implemented for interfaces!
 -> (artifact id: '3964f41ffd5da6f963dffe6965d0c65f') in 0.010078 seconds 
========================================================================
Received Import Request.
  Time since last request: 0.000017 seconds.
  path: Assets/General Assets/2D Assets/Tilemaps/Terrain (16x16)_41.asset
  artifactKey: Guid(15d698ae3cca8624ba6fbe5358b5be45) Importer(2089858483,0ecaa5967403d082aa24f35e1b516d23)
Start importing Assets/General Assets/2D Assets/Tilemaps/Terrain (16x16)_41.asset using Guid(15d698ae3cca8624ba6fbe5358b5be45) Importer(2089858483,0ecaa5967403d082aa24f35e1b516d23) Generated GUIDs only implemented for interfaces!
 -> (artifact id: 'eaca662e99c0cbc7e23a5f7920126562') in 0.009528 seconds 
========================================================================
Received Import Request.
  Time since last request: 0.000014 seconds.
  path: Assets/General Assets/2D Assets/Tilemaps/Terrain (16x16)_131.asset
  artifactKey: Guid(efa19dc1b68e7854fb13bb3c1ffa77d5) Importer(2089858483,0ecaa5967403d082aa24f35e1b516d23)
Start importing Assets/General Assets/2D Assets/Tilemaps/Terrain (16x16)_131.asset using Guid(efa19dc1b68e7854fb13bb3c1ffa77d5) Importer(2089858483,0ecaa5967403d082aa24f35e1b516d23) Generated GUIDs only implemented for interfaces!
 -> (artifact id: 'd98246917b4162e4adcf0b8644c0759d') in 0.008988 seconds 
========================================================================
Received Import Request.
  Time since last request: 0.000024 seconds.
  path: Assets/General Assets/2D Assets/Tilemaps/Terrain (16x16)_130.asset
  artifactKey: Guid(6f5e489ae8c483d40bb281f0aba0fc30) Importer(2089858483,0ecaa5967403d082aa24f35e1b516d23)
Start importing Assets/General Assets/2D Assets/Tilemaps/Terrain (16x16)_130.asset using Guid(6f5e489ae8c483d40bb281f0aba0fc30) Importer(2089858483,0ecaa5967403d082aa24f35e1b516d23) Generated GUIDs only implemented for interfaces!
 -> (artifact id: '2d593fa7f4cb08a31e522830a1ec1c70') in 0.010518 seconds 
========================================================================
Received Import Request.
  Time since last request: 0.000027 seconds.
  path: Assets/General Assets/2D Assets/Tilemaps/Terrain (16x16)_116.asset
  artifactKey: Guid(c923f30b3d7b62e4da2b28f14e79d631) Importer(2089858483,0ecaa5967403d082aa24f35e1b516d23)
Start importing Assets/General Assets/2D Assets/Tilemaps/Terrain (16x16)_116.asset using Guid(c923f30b3d7b62e4da2b28f14e79d631) Importer(2089858483,0ecaa5967403d082aa24f35e1b516d23) Generated GUIDs only implemented for interfaces!
 -> (artifact id: 'b01cf69889ba1aebced5ec0b06f6d755') in 0.010559 seconds 
========================================================================
Received Import Request.
  Time since last request: 0.000021 seconds.
  path: Assets/General Assets/2D Assets/Tilemaps/Terrain (16x16)_127.asset
  artifactKey: Guid(a5cbca6f0cb504e4d80588cfd2dcef7d) Importer(2089858483,0ecaa5967403d082aa24f35e1b516d23)
Start importing Assets/General Assets/2D Assets/Tilemaps/Terrain (16x16)_127.asset using Guid(a5cbca6f0cb504e4d80588cfd2dcef7d) Importer(2089858483,0ecaa5967403d082aa24f35e1b516d23) Generated GUIDs only implemented for interfaces!
 -> (artifact id: '653a5b58cb8b6143a0d8ce4f4e5066d9') in 0.010096 seconds 
========================================================================
Received Import Request.
  Time since last request: 0.000019 seconds.
  path: Assets/General Assets/2D Assets/Tilemaps/Terrain (16x16)_140.asset
  artifactKey: Guid(a3e790faae9d8c4478483f6a178df292) Importer(2089858483,0ecaa5967403d082aa24f35e1b516d23)
Start importing Assets/General Assets/2D Assets/Tilemaps/Terrain (16x16)_140.asset using Guid(a3e790faae9d8c4478483f6a178df292) Importer(2089858483,0ecaa5967403d082aa24f35e1b516d23) Generated GUIDs only implemented for interfaces!
 -> (artifact id: 'b82d15b7ac13f7302ccba55d0d29fa5b') in 0.010573 seconds 
========================================================================
Received Import Request.
  Time since last request: 0.000024 seconds.
  path: Assets/General Assets/2D Assets/Tilemaps/Terrain (16x16)_135.asset
  artifactKey: Guid(21990a8167fb8d34089615225941fc87) Importer(2089858483,0ecaa5967403d082aa24f35e1b516d23)
Start importing Assets/General Assets/2D Assets/Tilemaps/Terrain (16x16)_135.asset using Guid(21990a8167fb8d34089615225941fc87) Importer(2089858483,0ecaa5967403d082aa24f35e1b516d23) Generated GUIDs only implemented for interfaces!
 -> (artifact id: '484fd09ee3cd4d89c9b6008e5fb13d71') in 0.009652 seconds 
========================================================================
Received Import Request.
  Time since last request: 0.000019 seconds.
  path: Assets/General Assets/2D Assets/Tilemaps/Terrain (16x16)_111.asset
  artifactKey: Guid(38edcefab7904924dbfe3a38c317735b) Importer(2089858483,0ecaa5967403d082aa24f35e1b516d23)
Start importing Assets/General Assets/2D Assets/Tilemaps/Terrain (16x16)_111.asset using Guid(38edcefab7904924dbfe3a38c317735b) Importer(2089858483,0ecaa5967403d082aa24f35e1b516d23) Generated GUIDs only implemented for interfaces!
 -> (artifact id: 'e2899ecee244a7d9b0357ff6105c1587') in 0.009395 seconds 
========================================================================
Received Import Request.
  Time since last request: 0.000019 seconds.
  path: Assets/General Assets/2D Assets/Tilemaps/Terrain (16x16)_106.asset
  artifactKey: Guid(25a97e275703aa0408aa9cc597e94cec) Importer(2089858483,0ecaa5967403d082aa24f35e1b516d23)
Start importing Assets/General Assets/2D Assets/Tilemaps/Terrain (16x16)_106.asset using Guid(25a97e275703aa0408aa9cc597e94cec) Importer(2089858483,0ecaa5967403d082aa24f35e1b516d23) Generated GUIDs only implemented for interfaces!
 -> (artifact id: '438d1316006e5d7b6643569213f9a8f7') in 0.010219 seconds 
========================================================================
Received Import Request.
  Time since last request: 0.000020 seconds.
  path: Assets/General Assets/2D Assets/Tilemaps/Terrain (16x16)_124.asset
  artifactKey: Guid(840a12452fd58134594ce7ec80130a90) Importer(2089858483,0ecaa5967403d082aa24f35e1b516d23)
Start importing Assets/General Assets/2D Assets/Tilemaps/Terrain (16x16)_124.asset using Guid(840a12452fd58134594ce7ec80130a90) Importer(2089858483,0ecaa5967403d082aa24f35e1b516d23) Generated GUIDs only implemented for interfaces!
 -> (artifact id: '1029ac9c6cbd658e78fddba50a572dca') in 0.009615 seconds 
========================================================================
Received Import Request.
  Time since last request: 0.000020 seconds.
  path: Assets/General Assets/2D Assets/Tilemaps/Terrain (16x16)_120.asset
  artifactKey: Guid(0b8453de7716f42418b105fb9c36da43) Importer(2089858483,0ecaa5967403d082aa24f35e1b516d23)
Start importing Assets/General Assets/2D Assets/Tilemaps/Terrain (16x16)_120.asset using Guid(0b8453de7716f42418b105fb9c36da43) Importer(2089858483,0ecaa5967403d082aa24f35e1b516d23) Generated GUIDs only implemented for interfaces!
 -> (artifact id: '7efedb394cbf46c90a852123c8d89c34') in 0.009536 seconds 
========================================================================
Received Import Request.
  Time since last request: 0.000018 seconds.
  path: Assets/General Assets/2D Assets/Tilemaps/Terrain Palette.prefab
  artifactKey: Guid(209241e570cf7ad41ab78a3c842758bf) Importer(2089858483,0ecaa5967403d082aa24f35e1b516d23)
Start importing Assets/General Assets/2D Assets/Tilemaps/Terrain Palette.prefab using Guid(209241e570cf7ad41ab78a3c842758bf) Importer(2089858483,0ecaa5967403d082aa24f35e1b516d23) Generated GUIDs only implemented for interfaces!
 -> (artifact id: '100677aab191f1dd35f50ded2fbbe1fe') in 0.046642 seconds 
========================================================================
Received Import Request.
  Time since last request: 0.000017 seconds.
  path: Assets/General Assets/2D Assets/Tilemaps/Terrain (16x16)_122.asset
  artifactKey: Guid(fe29ca7030ebb5a4fa2803b0011c2b5b) Importer(2089858483,0ecaa5967403d082aa24f35e1b516d23)
Start importing Assets/General Assets/2D Assets/Tilemaps/Terrain (16x16)_122.asset using Guid(fe29ca7030ebb5a4fa2803b0011c2b5b) Importer(2089858483,0ecaa5967403d082aa24f35e1b516d23) Generated GUIDs only implemented for interfaces!
 -> (artifact id: '2cb1260844f579d4e15da85ff284fa80') in 0.008837 seconds 
========================================================================
Received Import Request.
  Time since last request: 0.000015 seconds.
  path: Assets/General Assets/2D Assets/Tilemaps/Terrain (16x16)_129.asset
  artifactKey: Guid(44d2aaa0c3abc8a43a9e3f50ec3a2049) Importer(2089858483,0ecaa5967403d082aa24f35e1b516d23)
Start importing Assets/General Assets/2D Assets/Tilemaps/Terrain (16x16)_129.asset using Guid(44d2aaa0c3abc8a43a9e3f50ec3a2049) Importer(2089858483,0ecaa5967403d082aa24f35e1b516d23) Generated GUIDs only implemented for interfaces!
 -> (artifact id: '8cc9c35b7d77647b844012d5386e74fd') in 0.009972 seconds 
========================================================================
Received Import Request.
  Time since last request: 0.000022 seconds.
  path: Assets/General Assets/2D Assets/Tilemaps/Terrain (16x16)_112.asset
  artifactKey: Guid(88166ca124422f9418a0655747a8f68d) Importer(2089858483,0ecaa5967403d082aa24f35e1b516d23)
Start importing Assets/General Assets/2D Assets/Tilemaps/Terrain (16x16)_112.asset using Guid(88166ca124422f9418a0655747a8f68d) Importer(2089858483,0ecaa5967403d082aa24f35e1b516d23) Generated GUIDs only implemented for interfaces!
 -> (artifact id: '0ab9188a85942924d28aa98b6807fff8') in 0.010795 seconds 
========================================================================
Received Import Request.
  Time since last request: 0.000026 seconds.
  path: Assets/General Assets/2D Assets/Tilemaps/Terrain (16x16)_109.asset
  artifactKey: Guid(5f30549c79d4c60439a8df574591e92c) Importer(2089858483,0ecaa5967403d082aa24f35e1b516d23)
Start importing Assets/General Assets/2D Assets/Tilemaps/Terrain (16x16)_109.asset using Guid(5f30549c79d4c60439a8df574591e92c) Importer(2089858483,0ecaa5967403d082aa24f35e1b516d23) Generated GUIDs only implemented for interfaces!
 -> (artifact id: 'ee0a7c796baeb66426763ec9865e4722') in 0.009830 seconds 
========================================================================
Received Import Request.
  Time since last request: 0.000015 seconds.
  path: Assets/General Assets/2D Assets/Tilemaps/Terrain (16x16)_107.asset
  artifactKey: Guid(9d546470eb4622a4797cd95e8110a830) Importer(2089858483,0ecaa5967403d082aa24f35e1b516d23)
Start importing Assets/General Assets/2D Assets/Tilemaps/Terrain (16x16)_107.asset using Guid(9d546470eb4622a4797cd95e8110a830) Importer(2089858483,0ecaa5967403d082aa24f35e1b516d23) Generated GUIDs only implemented for interfaces!
 -> (artifact id: '03c27fb81f4b7d832751fcbfeac003f8') in 0.010120 seconds 
========================================================================
Received Import Request.
  Time since last request: 0.000015 seconds.
  path: Assets/General Assets/2D Assets/Tilemaps/Terrain (16x16)_93.asset
  artifactKey: Guid(a38ab0ae22ff3714fbcf67a5a491b2c5) Importer(2089858483,0ecaa5967403d082aa24f35e1b516d23)
Start importing Assets/General Assets/2D Assets/Tilemaps/Terrain (16x16)_93.asset using Guid(a38ab0ae22ff3714fbcf67a5a491b2c5) Importer(2089858483,0ecaa5967403d082aa24f35e1b516d23) Generated GUIDs only implemented for interfaces!
 -> (artifact id: '83b1fa8045ebce79f8be89738f83a9bd') in 0.010625 seconds 
========================================================================
Received Import Request.
  Time since last request: 0.000015 seconds.
  path: Assets/General Assets/2D Assets/Tilemaps/Terrain (16x16)_37.asset
  artifactKey: Guid(490956547e8c5904b964a7b0bce9809a) Importer(2089858483,0ecaa5967403d082aa24f35e1b516d23)
Start importing Assets/General Assets/2D Assets/Tilemaps/Terrain (16x16)_37.asset using Guid(490956547e8c5904b964a7b0bce9809a) Importer(2089858483,0ecaa5967403d082aa24f35e1b516d23) Generated GUIDs only implemented for interfaces!
 -> (artifact id: '074b41f7455a2ce4589c4a0e48637704') in 0.009912 seconds 
========================================================================
Received Import Request.
  Time since last request: 0.000013 seconds.
  path: Assets/General Assets/2D Assets/Tilemaps/Terrain (16x16)_30.asset
  artifactKey: Guid(95839270472ded04fb3f36b14090163b) Importer(2089858483,0ecaa5967403d082aa24f35e1b516d23)
Start importing Assets/General Assets/2D Assets/Tilemaps/Terrain (16x16)_30.asset using Guid(95839270472ded04fb3f36b14090163b) Importer(2089858483,0ecaa5967403d082aa24f35e1b516d23) Generated GUIDs only implemented for interfaces!
 -> (artifact id: 'aef29fd8d63bd7824acb8d89ce464af2') in 0.008761 seconds 
========================================================================
Received Import Request.
  Time since last request: 0.000014 seconds.
  path: Assets/General Assets/2D Assets/Tilemaps/Terrain (16x16)_78.asset
  artifactKey: Guid(ed5a2ff9cf6130545b1f349a0c7e6c39) Importer(2089858483,0ecaa5967403d082aa24f35e1b516d23)
Start importing Assets/General Assets/2D Assets/Tilemaps/Terrain (16x16)_78.asset using Guid(ed5a2ff9cf6130545b1f349a0c7e6c39) Importer(2089858483,0ecaa5967403d082aa24f35e1b516d23) Generated GUIDs only implemented for interfaces!
 -> (artifact id: '70cf67621b181d14c136daa6ac13fe7d') in 0.008633 seconds 
========================================================================
Received Import Request.
  Time since last request: 0.000025 seconds.
  path: Assets/General Assets/2D Assets/Tilemaps/Terrain (16x16)_31.asset
  artifactKey: Guid(949f8a383a852f34baa5a45a69bc7963) Importer(2089858483,0ecaa5967403d082aa24f35e1b516d23)
Start importing Assets/General Assets/2D Assets/Tilemaps/Terrain (16x16)_31.asset using Guid(949f8a383a852f34baa5a45a69bc7963) Importer(2089858483,0ecaa5967403d082aa24f35e1b516d23) Generated GUIDs only implemented for interfaces!
 -> (artifact id: '1b2ba2ffd4ce0bc907e4a945524c33e9') in 0.009796 seconds 
========================================================================
Received Import Request.
  Time since last request: 0.000017 seconds.
  path: Assets/General Assets/2D Assets/Tilemaps/Terrain (16x16)_15.asset
  artifactKey: Guid(a4d9df428da646147b2f2cf14600d803) Importer(2089858483,0ecaa5967403d082aa24f35e1b516d23)
Start importing Assets/General Assets/2D Assets/Tilemaps/Terrain (16x16)_15.asset using Guid(a4d9df428da646147b2f2cf14600d803) Importer(2089858483,0ecaa5967403d082aa24f35e1b516d23) Generated GUIDs only implemented for interfaces!
 -> (artifact id: '64260cfd3eb715d729d803ca64b1fc1e') in 0.008696 seconds 
========================================================================
Received Import Request.
  Time since last request: 0.000022 seconds.
  path: Assets/General Assets/2D Assets/Tilemaps/Terrain (16x16)_91.asset
  artifactKey: Guid(a3a06021a0d243441a6538f8056f4675) Importer(2089858483,0ecaa5967403d082aa24f35e1b516d23)
Start importing Assets/General Assets/2D Assets/Tilemaps/Terrain (16x16)_91.asset using Guid(a3a06021a0d243441a6538f8056f4675) Importer(2089858483,0ecaa5967403d082aa24f35e1b516d23) Generated GUIDs only implemented for interfaces!
 -> (artifact id: '97e01729f9bc1a37ba8c6ef78329d3dd') in 0.010211 seconds 
========================================================================
Received Import Request.
  Time since last request: 0.000015 seconds.
  path: Assets/General Assets/2D Assets/Tilemaps/Terrain (16x16)_108.asset
  artifactKey: Guid(dc18cc6f90aa1a04a81735afd2b07721) Importer(2089858483,0ecaa5967403d082aa24f35e1b516d23)
Start importing Assets/General Assets/2D Assets/Tilemaps/Terrain (16x16)_108.asset using Guid(dc18cc6f90aa1a04a81735afd2b07721) Importer(2089858483,0ecaa5967403d082aa24f35e1b516d23) Generated GUIDs only implemented for interfaces!
 -> (artifact id: '1226ef5b95e6cf2556c3afd1390a2a02') in 0.010151 seconds 
========================================================================
Received Import Request.
  Time since last request: 0.000025 seconds.
  path: Assets/General Assets/2D Assets/Tilemaps/Terrain (16x16)_10.asset
  artifactKey: Guid(36d76c43c6092cd469db0f3c3004e03c) Importer(2089858483,0ecaa5967403d082aa24f35e1b516d23)
Start importing Assets/General Assets/2D Assets/Tilemaps/Terrain (16x16)_10.asset using Guid(36d76c43c6092cd469db0f3c3004e03c) Importer(2089858483,0ecaa5967403d082aa24f35e1b516d23) Generated GUIDs only implemented for interfaces!
 -> (artifact id: '2ca2c995d21048d3800acdcf3e17b62d') in 0.009776 seconds 
========================================================================
Received Import Request.
  Time since last request: 0.000017 seconds.
  path: Assets/General Assets/2D Assets/Tilemaps/Terrain (16x16)_62.asset
  artifactKey: Guid(0e463196686e8b441ae3c1d01efa22c4) Importer(2089858483,0ecaa5967403d082aa24f35e1b516d23)
Start importing Assets/General Assets/2D Assets/Tilemaps/Terrain (16x16)_62.asset using Guid(0e463196686e8b441ae3c1d01efa22c4) Importer(2089858483,0ecaa5967403d082aa24f35e1b516d23) Generated GUIDs only implemented for interfaces!
 -> (artifact id: '3dd485b3e0d82edcf127bbad0f88d17c') in 0.009241 seconds 
========================================================================
Received Import Request.
  Time since last request: 0.000018 seconds.
  path: Assets/General Assets/2D Assets/Tilemaps/Terrain (16x16)_118.asset
  artifactKey: Guid(b718881801744ba4188fa276ffe94829) Importer(2089858483,0ecaa5967403d082aa24f35e1b516d23)
Start importing Assets/General Assets/2D Assets/Tilemaps/Terrain (16x16)_118.asset using Guid(b718881801744ba4188fa276ffe94829) Importer(2089858483,0ecaa5967403d082aa24f35e1b516d23) Generated GUIDs only implemented for interfaces!
 -> (artifact id: 'f376d8b0f316db680a9a8e9c95e46cfe') in 0.009165 seconds 
========================================================================
Received Import Request.
  Time since last request: 0.000021 seconds.
  path: Assets/General Assets/2D Assets/Tilemaps/Terrain (16x16)_60.asset
  artifactKey: Guid(eb3a44e13693ccc4685af891b2c66865) Importer(2089858483,0ecaa5967403d082aa24f35e1b516d23)
Start importing Assets/General Assets/2D Assets/Tilemaps/Terrain (16x16)_60.asset using Guid(eb3a44e13693ccc4685af891b2c66865) Importer(2089858483,0ecaa5967403d082aa24f35e1b516d23) Generated GUIDs only implemented for interfaces!
 -> (artifact id: '2c87c8e40500288ba1db2b24b2da26be') in 0.010054 seconds 
========================================================================
Received Import Request.
  Time since last request: 0.000026 seconds.
  path: Assets/General Assets/2D Assets/Tilemaps/Terrain (16x16)_53.asset
  artifactKey: Guid(2eb9538ab977ce3468df826b0d8eaf59) Importer(2089858483,0ecaa5967403d082aa24f35e1b516d23)
Start importing Assets/General Assets/2D Assets/Tilemaps/Terrain (16x16)_53.asset using Guid(2eb9538ab977ce3468df826b0d8eaf59) Importer(2089858483,0ecaa5967403d082aa24f35e1b516d23) Generated GUIDs only implemented for interfaces!
 -> (artifact id: 'ca86de1f5948886a7120bd4c6af2a5bb') in 0.009139 seconds 
========================================================================
Received Import Request.
  Time since last request: 0.000018 seconds.
  path: Assets/General Assets/2D Assets/Tilemaps/Terrain (16x16)_11.asset
  artifactKey: Guid(b77f3bcf3e147be468249e9b57b5667a) Importer(2089858483,0ecaa5967403d082aa24f35e1b516d23)
Start importing Assets/General Assets/2D Assets/Tilemaps/Terrain (16x16)_11.asset using Guid(b77f3bcf3e147be468249e9b57b5667a) Importer(2089858483,0ecaa5967403d082aa24f35e1b516d23) Generated GUIDs only implemented for interfaces!
 -> (artifact id: '224358c2afda746c30f476763945e3e4') in 0.009992 seconds 
========================================================================
Received Import Request.
  Time since last request: 0.000023 seconds.
  path: Assets/General Assets/2D Assets/Tilemaps/Terrain (16x16)_103.asset
  artifactKey: Guid(daf77a4f672da764bb5606fdb7133a83) Importer(2089858483,0ecaa5967403d082aa24f35e1b516d23)
Start importing Assets/General Assets/2D Assets/Tilemaps/Terrain (16x16)_103.asset using Guid(daf77a4f672da764bb5606fdb7133a83) Importer(2089858483,0ecaa5967403d082aa24f35e1b516d23) Generated GUIDs only implemented for interfaces!
 -> (artifact id: 'f36980d79d7f2e2a37df801a687c0be2') in 0.011187 seconds 
========================================================================
Received Import Request.
  Time since last request: 0.000018 seconds.
  path: Assets/General Assets/2D Assets/Tilemaps/Terrain (16x16)_99.asset
  artifactKey: Guid(113a2aefba5cd9d49809a0c335deba04) Importer(2089858483,0ecaa5967403d082aa24f35e1b516d23)
Start importing Assets/General Assets/2D Assets/Tilemaps/Terrain (16x16)_99.asset using Guid(113a2aefba5cd9d49809a0c335deba04) Importer(2089858483,0ecaa5967403d082aa24f35e1b516d23) Generated GUIDs only implemented for interfaces!
 -> (artifact id: '5cdfcda655c3da42725a303c18e50f8c') in 0.009347 seconds 
========================================================================
Received Import Request.
  Time since last request: 0.000018 seconds.
  path: Assets/General Assets/2D Assets/Tilemaps/Terrain (16x16)_104.asset
  artifactKey: Guid(ddd425016429b294abd0631754a5f0f8) Importer(2089858483,0ecaa5967403d082aa24f35e1b516d23)
Start importing Assets/General Assets/2D Assets/Tilemaps/Terrain (16x16)_104.asset using Guid(ddd425016429b294abd0631754a5f0f8) Importer(2089858483,0ecaa5967403d082aa24f35e1b516d23) Generated GUIDs only implemented for interfaces!
 -> (artifact id: '912ca8b7ddcef6b7391c4b57eec28087') in 0.010328 seconds 
========================================================================
Received Import Request.
  Time since last request: 0.000014 seconds.
  path: Assets/General Assets/2D Assets/Tilemaps/Terrain (16x16)_126.asset
  artifactKey: Guid(af993d6eb7f024348b468535c08c43e5) Importer(2089858483,0ecaa5967403d082aa24f35e1b516d23)
Start importing Assets/General Assets/2D Assets/Tilemaps/Terrain (16x16)_126.asset using Guid(af993d6eb7f024348b468535c08c43e5) Importer(2089858483,0ecaa5967403d082aa24f35e1b516d23) Generated GUIDs only implemented for interfaces!
 -> (artifact id: 'c23f17cbc2123846dec68a510cd382d3') in 0.010000 seconds 
========================================================================
Received Import Request.
  Time since last request: 0.000017 seconds.
  path: Assets/General Assets/2D Assets/Tilemaps/Terrain (16x16)_143.asset
  artifactKey: Guid(ec2d18d2d9f496242b9038fd458987fb) Importer(2089858483,0ecaa5967403d082aa24f35e1b516d23)
Start importing Assets/General Assets/2D Assets/Tilemaps/Terrain (16x16)_143.asset using Guid(ec2d18d2d9f496242b9038fd458987fb) Importer(2089858483,0ecaa5967403d082aa24f35e1b516d23) Generated GUIDs only implemented for interfaces!
 -> (artifact id: '772d4ecf15b9e865ad7b8776981ca3ad') in 0.012188 seconds 
========================================================================
Received Import Request.
  Time since last request: 0.000015 seconds.
  path: Assets/General Assets/2D Assets/Tilemaps/Terrain (16x16)_33.asset
  artifactKey: Guid(2f1633a79fa2cf04e8b821c0d9e5645d) Importer(2089858483,0ecaa5967403d082aa24f35e1b516d23)
Start importing Assets/General Assets/2D Assets/Tilemaps/Terrain (16x16)_33.asset using Guid(2f1633a79fa2cf04e8b821c0d9e5645d) Importer(2089858483,0ecaa5967403d082aa24f35e1b516d23) Generated GUIDs only implemented for interfaces!
 -> (artifact id: 'ecb62f981e73df8e53f08721cc140a99') in 0.010303 seconds 
========================================================================
Received Import Request.
  Time since last request: 0.000018 seconds.
  path: Assets/General Assets/2D Assets/Tilemaps/Terrain (16x16)_32.asset
  artifactKey: Guid(6f4ba33fb1a86aa459678c615defa2ac) Importer(2089858483,0ecaa5967403d082aa24f35e1b516d23)
Start importing Assets/General Assets/2D Assets/Tilemaps/Terrain (16x16)_32.asset using Guid(6f4ba33fb1a86aa459678c615defa2ac) Importer(2089858483,0ecaa5967403d082aa24f35e1b516d23) Generated GUIDs only implemented for interfaces!
 -> (artifact id: 'db60bf26cf01b0456223e3ee528cc53b') in 0.011439 seconds 
========================================================================
Received Import Request.
  Time since last request: 0.000022 seconds.
  path: Assets/General Assets/2D Assets/Tilemaps/Terrain (16x16)_66.asset
  artifactKey: Guid(ac7c5c0cb6efab949a32d8e8fe209454) Importer(2089858483,0ecaa5967403d082aa24f35e1b516d23)
Start importing Assets/General Assets/2D Assets/Tilemaps/Terrain (16x16)_66.asset using Guid(ac7c5c0cb6efab949a32d8e8fe209454) Importer(2089858483,0ecaa5967403d082aa24f35e1b516d23) Generated GUIDs only implemented for interfaces!
 -> (artifact id: '23c5a558818a4ae68e3031f632cd8b70') in 0.011548 seconds 
========================================================================
Received Import Request.
  Time since last request: 0.000015 seconds.
  path: Assets/General Assets/2D Assets/Tilemaps/Terrain (16x16)_100.asset
  artifactKey: Guid(95537e477eef3c94098f3070e9db12cf) Importer(2089858483,0ecaa5967403d082aa24f35e1b516d23)
Start importing Assets/General Assets/2D Assets/Tilemaps/Terrain (16x16)_100.asset using Guid(95537e477eef3c94098f3070e9db12cf) Importer(2089858483,0ecaa5967403d082aa24f35e1b516d23) Generated GUIDs only implemented for interfaces!
 -> (artifact id: '9e2ae4f23d3ec54660f043b3d5e78c66') in 0.010061 seconds 
========================================================================
Received Import Request.
  Time since last request: 0.000016 seconds.
  path: Assets/General Assets/2D Assets/Tilemaps/Terrain (16x16)_83.asset
  artifactKey: Guid(efad17b9d47162249bfcfe676cb25611) Importer(2089858483,0ecaa5967403d082aa24f35e1b516d23)
Start importing Assets/General Assets/2D Assets/Tilemaps/Terrain (16x16)_83.asset using Guid(efad17b9d47162249bfcfe676cb25611) Importer(2089858483,0ecaa5967403d082aa24f35e1b516d23) Generated GUIDs only implemented for interfaces!
 -> (artifact id: 'd72715d0f12fe7a92db9f0c3222cc182') in 0.010647 seconds 
========================================================================
Received Import Request.
  Time since last request: 0.000019 seconds.
  path: Assets/General Assets/2D Assets/Tilemaps/Terrain (16x16)_76.asset
  artifactKey: Guid(65dc8e8b488783244bc988a6be0166e7) Importer(2089858483,0ecaa5967403d082aa24f35e1b516d23)
Start importing Assets/General Assets/2D Assets/Tilemaps/Terrain (16x16)_76.asset using Guid(65dc8e8b488783244bc988a6be0166e7) Importer(2089858483,0ecaa5967403d082aa24f35e1b516d23) Generated GUIDs only implemented for interfaces!
 -> (artifact id: '12d654a9556c9b6c02a8d5bd25fac4eb') in 0.010422 seconds 
========================================================================
Received Import Request.
  Time since last request: 0.000021 seconds.
  path: Assets/General Assets/2D Assets/Tilemaps/Terrain (16x16)_27.asset
  artifactKey: Guid(4d4d344053a4d974ea9368810d962edd) Importer(2089858483,0ecaa5967403d082aa24f35e1b516d23)
Start importing Assets/General Assets/2D Assets/Tilemaps/Terrain (16x16)_27.asset using Guid(4d4d344053a4d974ea9368810d962edd) Importer(2089858483,0ecaa5967403d082aa24f35e1b516d23) Generated GUIDs only implemented for interfaces!
 -> (artifact id: 'b54baf355f41387cf2f76fa77127827d') in 0.012989 seconds 
========================================================================
Received Import Request.
  Time since last request: 0.000028 seconds.
  path: Assets/General Assets/2D Assets/Tilemaps/Terrain (16x16)_101.asset
  artifactKey: Guid(aa21f93bb272af24fa57cac83944d94a) Importer(2089858483,0ecaa5967403d082aa24f35e1b516d23)
Start importing Assets/General Assets/2D Assets/Tilemaps/Terrain (16x16)_101.asset using Guid(aa21f93bb272af24fa57cac83944d94a) Importer(2089858483,0ecaa5967403d082aa24f35e1b516d23) Generated GUIDs only implemented for interfaces!
 -> (artifact id: 'c8637b0a9316542dc44231cbd602c102') in 0.009477 seconds 
Editor requested this worker to shutdown with reason: Scaling down because of idle timeout
AssetImportWorker is now disconnected from the server
Process exiting
Exiting without the bug reporter. Application will terminate with return code 0